<?xml version="1.0" encoding="UTF-8"?>
<testsuite name="regression test"
           tests="3"
           failures="0"
           errors="0"
           skipped="0"
           time="3.290">
  <properties />
  
  
            <testcase name="verifyThatUserShouldCreateAccountSuccessfully" time="2.082" classname="com.nopcommerce.demo.testsuit.RegisterPageTest" />
                <testcase name="verifyUserShouldNavigateToRegisterPageSuccessfully" time="0.520" classname="com.nopcommerce.demo.testsuit.RegisterPageTest" />
                <testcase name="verifyThatFirstNameLastNameEmailPasswordAndConfirmPasswordFieldsAreMandatory" time="0.688" classname="com.nopcommerce.demo.testsuit.RegisterPageTest" />
      
</testsuite>
