<?xml version="1.0" encoding="UTF-8"?>
<testsuite name="regression test"
           tests="5"
           failures="2"
           errors="0"
           skipped="0"
           time="9.781">
  <properties />
            <testcase name="verifyUserShouldNavigateToDesktopsPageSuccessfully" time="1.028" classname="com.nopcommerce.demo.testsuit.ComputerPageTest">
                <failure type="java.lang.StackOverflowError"
                  message="(null)"
              >
<![CDATA[java.lang.StackOverflowError
  com.nopcommerce.demo.pages.DesktopPage.getTextfromDesktopFiled(DesktopPage.java:20)
  com.nopcommerce.demo.pages.DesktopPage.getTextfromDesktopFiled(DesktopPage.java:20)
  com.nopcommerce.demo.pages.DesktopPage.getTextfromDesktopFiled(DesktopPage.java:20)
  com.nopcommerce.demo.pages.DesktopPage.getTextfromDesktopFiled(DesktopPage.java:20)
  com.nopcommerce.demo.pages.DesktopPage.getTextfromDesktopFiled(DesktopPage.java:20)
  com.nopcommerce.demo.pages.DesktopPage.getTextfromDesktopFiled(DesktopPage.java:20)
  com.nopcommerce.demo.pages.DesktopPage.getTextfromDesktopFiled(DesktopPage.java:20)
  com.nopcommerce.demo.pages.DesktopPage.getTextfromDesktopFiled(DesktopPage.java:20)
  com.nopcommerce.demo.pages.DesktopPage.getTextfromDesktopFiled(DesktopPage.java:20)
  com.nopcommerce.demo.pages.DesktopPage.getTextfromDesktopFiled(DesktopPage.java:20)
  com.nopcommerce.demo.pages.DesktopPage.getTextfromDesktopFiled(DesktopPage.java:20)
  com.nopcommerce.demo.pages.DesktopPage.getTextfromDesktopFiled(DesktopPage.java:20)
  com.nopcommerce.demo.pages.DesktopPage.getTextfromDesktopFiled(DesktopPage.java:20)
  com.nopcommerce.demo.pages.DesktopPage.getTextfromDesktopFiled(DesktopPage.java:20)
  com.nopcommerce.demo.pages.DesktopPage.getTextfromDesktopFiled(DesktopPage.java:20)
  com.nopcommerce.demo.pages.DesktopPage.getTextfromDesktopFiled(DesktopPage.java:20)
  com.nopcommerce.demo.pages.DesktopPage.getTextfromDesktopFiled(DesktopPage.java:20)
  com.nopcommerce.demo.pages.DesktopPage.getTextfromDesktopFiled(DesktopPage.java:20)
  com.nopcommerce.demo.pages.DesktopPage.getTextfromDesktopFiled(DesktopPage.java:20)
  com.nopcommerce.demo.pages.DesktopPage.getTextfromDesktopFiled(DesktopPage.java:20)
  com.nopcommerce.demo.pages.DesktopPage.getTextfromDesktopFiled(DesktopPage.java:20)
  com.nopcommerce.demo.pages.DesktopPage.getTextfromDesktopFiled(DesktopPage.java:20)
  com.nopcommerce.demo.pages.DesktopPage.getTextfromDesktopFiled(DesktopPage.java:20)
  com.nopcommerce.demo.pages.DesktopPage.getTextfromDesktopFiled(DesktopPage.java:20)
  com.nopcommerce.demo.pages.DesktopPage.getTextfromDesktopFiled(DesktopPage.java:20)
  com.nopcommerce.demo.pages.DesktopPage.getTextfromDesktopFiled(DesktopPage.java:20)
  com.nopcommerce.demo.pages.DesktopPage.getTextfromDesktopFiled(DesktopPage.java:20)
  com.nopcommerce.demo.pages.DesktopPage.getTextfromDesktopFiled(DesktopPage.java:20)
  com.nopcommerce.demo.pages.DesktopPage.getTextfromDesktopFiled(DesktopPage.java:20)
  com.nopcommerce.demo.pages.DesktopPage.getTextfromDesktopFiled(DesktopPage.java:20)
  com.nopcommerce.demo.pages.DesktopPage.getTextfromDesktopFiled(DesktopPage.java:20)
  com.nopcommerce.demo.pages.DesktopPage.getTextfromDesktopFiled(DesktopPage.java:20)
  com.nopcommerce.demo.pages.DesktopPage.getTextfromDesktopFiled(DesktopPage.java:20)
  com.nopcommerce.demo.pages.DesktopPage.getTextfromDesktopFiled(DesktopPage.java:20)
  com.nopcommerce.demo.pages.DesktopPage.getTextfromDesktopFiled(DesktopPage.java:20)
  com.nopcommerce.demo.pages.DesktopPage.getTextfromDesktopFiled(DesktopPage.java:20)
  com.nopcommerce.demo.pages.DesktopPage.getTextfromDesktopFiled(DesktopPage.java:20)
  com.nopcommerce.demo.pages.DesktopPage.getTextfromDesktopFiled(DesktopPage.java:20)
  com.nopcommerce.demo.pages.DesktopPage.getTextfromDesktopFiled(DesktopPage.java:20)
  com.nopcommerce.demo.pages.DesktopPage.getTextfromDesktopFiled(DesktopPage.java:20)
  com.nopcommerce.demo.pages.DesktopPage.getTextfromDesktopFiled(DesktopPage.java:20)
  com.nopcommerce.demo.pages.DesktopPage.getTextfromDesktopFiled(DesktopPage.java:20)
  com.nopcommerce.demo.pages.DesktopPage.getTextfromDesktopFiled(DesktopPage.java:20)
  com.nopcommerce.demo.pages.DesktopPage.getTextfromDesktopFiled(DesktopPage.java:20)
  com.nopcommerce.demo.pages.DesktopPage.getTextfromDesktopFiled(DesktopPage.java:20)
  com.nopcommerce.demo.pages.DesktopPage.getTextfromDesktopFiled(DesktopPage.java:20)
  com.nopcommerce.demo.pages.DesktopPage.getTextfromDesktopFiled(DesktopPage.java:20)
  com.nopcommerce.demo.pages.DesktopPage.getTextfromDesktopFiled(DesktopPage.java:20)
  com.nopcommerce.demo.pages.DesktopPage.getTextfromDesktopFiled(DesktopPage.java:20)
  com.nopcommerce.demo.pages.DesktopPage.getTextfromDesktopFiled(DesktopPage.java:20)
  com.nopcommerce.demo.pages.DesktopPage.getTextfromDesktopFiled(DesktopPage.java:20)
  com.nopcommerce.demo.pages.DesktopPage.getTextfromDesktopFiled(DesktopPage.java:20)
  com.nopcommerce.demo.pages.DesktopPage.getTextfromDesktopFiled(DesktopPage.java:20)
  com.nopcommerce.demo.pages.DesktopPage.getTextfromDesktopFiled(DesktopPage.java:20)
  com.nopcommerce.demo.pages.DesktopPage.getTextfromDesktopFiled(DesktopPage.java:20)
  com.nopcommerce.demo.pages.DesktopPage.getTextfromDesktopFiled(DesktopPage.java:20)
  com.nopcommerce.demo.pages.DesktopPage.getTextfromDesktopFiled(DesktopPage.java:20)
  com.nopcommerce.demo.pages.DesktopPage.getTextfromDesktopFiled(DesktopPage.java:20)
  com.nopcommerce.demo.pages.DesktopPage.getTextfromDesktopFiled(DesktopPage.java:20)
  com.nopcommerce.demo.pages.DesktopPage.getTextfromDesktopFiled(DesktopPage.java:20)
  com.nopcommerce.demo.pages.DesktopPage.getTextfromDesktopFiled(DesktopPage.java:20)
  com.nopcommerce.demo.pages.DesktopPage.getTextfromDesktopFiled(DesktopPage.java:20)
  com.nopcommerce.demo.pages.DesktopPage.getTextfromDesktopFiled(DesktopPage.java:20)
  com.nopcommerce.demo.pages.DesktopPage.getTextfromDesktopFiled(DesktopPage.java:20)
  com.nopcommerce.demo.pages.DesktopPage.getTextfromDesktopFiled(DesktopPage.java:20)
  com.nopcommerce.demo.pages.DesktopPage.getTextfromDesktopFiled(DesktopPage.java:20)
  com.nopcommerce.demo.pages.DesktopPage.getTextfromDesktopFiled(DesktopPage.java:20)
  com.nopcommerce.demo.pages.DesktopPage.getTextfromDesktopFiled(DesktopPage.java:20)
  com.nopcommerce.demo.pages.DesktopPage.getTextfromDesktopFiled(DesktopPage.java:20)
  com.nopcommerce.demo.pages.DesktopPage.getTextfromDesktopFiled(DesktopPage.java:20)
  com.nopcommerce.demo.pages.DesktopPage.getTextfromDesktopFiled(DesktopPage.java:20)
  com.nopcommerce.demo.pages.DesktopPage.getTextfromDesktopFiled(DesktopPage.java:20)
  com.nopcommerce.demo.pages.DesktopPage.getTextfromDesktopFiled(DesktopPage.java:20)
  com.nopcommerce.demo.pages.DesktopPage.getTextfromDesktopFiled(DesktopPage.java:20)
  com.nopcommerce.demo.pages.DesktopPage.getTextfromDesktopFiled(DesktopPage.java:20)
  com.nopcommerce.demo.pages.DesktopPage.getTextfromDesktopFiled(DesktopPage.java:20)
  com.nopcommerce.demo.pages.DesktopPage.getTextfromDesktopFiled(DesktopPage.java:20)
  com.nopcommerce.demo.pages.DesktopPage.getTextfromDesktopFiled(DesktopPage.java:20)
  com.nopcommerce.demo.pages.DesktopPage.getTextfromDesktopFiled(DesktopPage.java:20)
  com.nopcommerce.demo.pages.DesktopPage.getTextfromDesktopFiled(DesktopPage.java:20)
  com.nopcommerce.demo.pages.DesktopPage.getTextfromDesktopFiled(DesktopPage.java:20)
  com.nopcommerce.demo.pages.DesktopPage.getTextfromDesktopFiled(DesktopPage.java:20)
  com.nopcommerce.demo.pages.DesktopPage.getTextfromDesktopFiled(DesktopPage.java:20)
  com.nopcommerce.demo.pages.DesktopPage.getTextfromDesktopFiled(DesktopPage.java:20)
  com.nopcommerce.demo.pages.DesktopPage.getTextfromDesktopFiled(DesktopPage.java:20)
  com.nopcommerce.demo.pages.DesktopPage.getTextfromDesktopFiled(DesktopPage.java:20)
  com.nopcommerce.demo.pages.DesktopPage.getTextfromDesktopFiled(DesktopPage.java:20)
  com.nopcommerce.demo.pages.DesktopPage.getTextfromDesktopFiled(DesktopPage.java:20)
  com.nopcommerce.demo.pages.DesktopPage.getTextfromDesktopFiled(DesktopPage.java:20)
  com.nopcommerce.demo.pages.DesktopPage.getTextfromDesktopFiled(DesktopPage.java:20)
  com.nopcommerce.demo.pages.DesktopPage.getTextfromDesktopFiled(DesktopPage.java:20)
  com.nopcommerce.demo.pages.DesktopPage.getTextfromDesktopFiled(DesktopPage.java:20)
  com.nopcommerce.demo.pages.DesktopPage.getTextfromDesktopFiled(DesktopPage.java:20)
  com.nopcommerce.demo.pages.DesktopPage.getTextfromDesktopFiled(DesktopPage.java:20)
  com.nopcommerce.demo.pages.DesktopPage.getTextfromDesktopFiled(DesktopPage.java:20)
  com.nopcommerce.demo.pages.DesktopPage.getTextfromDesktopFiled(DesktopPage.java:20)
  com.nopcommerce.demo.pages.DesktopPage.getTextfromDesktopFiled(DesktopPage.java:20)
  com.nopcommerce.demo.pages.DesktopPage.getTextfromDesktopFiled(DesktopPage.java:20)
  com.nopcommerce.demo.pages.DesktopPage.getTextfromDesktopFiled(DesktopPage.java:20)
  com.nopcommerce.demo.pages.DesktopPage.getTextfromDesktopFiled(DesktopPage.java:20)
  com.nopcommerce.demo.pages.DesktopPage.getTextfromDesktopFiled(DesktopPage.java:20)
  com.nopcommerce.demo.pages.DesktopPage.getTextfromDesktopFiled(DesktopPage.java:20)
  com.nopcommerce.demo.pages.DesktopPage.getTextfromDesktopFiled(DesktopPage.java:20)
  com.nopcommerce.demo.pages.DesktopPage.getTextfromDesktopFiled(DesktopPage.java:20)
  com.nopcommerce.demo.pages.DesktopPage.getTextfromDesktopFiled(DesktopPage.java:20)
  com.nopcommerce.demo.pages.DesktopPage.getTextfromDesktopFiled(DesktopPage.java:20)
  com.nopcommerce.demo.pages.DesktopPage.getTextfromDesktopFiled(DesktopPage.java:20)
  com.nopcommerce.demo.pages.DesktopPage.getTextfromDesktopFiled(DesktopPage.java:20)
  com.nopcommerce.demo.pages.DesktopPage.getTextfromDesktopFiled(DesktopPage.java:20)
  com.nopcommerce.demo.pages.DesktopPage.getTextfromDesktopFiled(DesktopPage.java:20)
  com.nopcommerce.demo.pages.DesktopPage.getTextfromDesktopFiled(DesktopPage.java:20)
  com.nopcommerce.demo.pages.DesktopPage.getTextfromDesktopFiled(DesktopPage.java:20)
  com.nopcommerce.demo.pages.DesktopPage.getTextfromDesktopFiled(DesktopPage.java:20)
  com.nopcommerce.demo.pages.DesktopPage.getTextfromDesktopFiled(DesktopPage.java:20)
  com.nopcommerce.demo.pages.DesktopPage.getTextfromDesktopFiled(DesktopPage.java:20)
  com.nopcommerce.demo.pages.DesktopPage.getTextfromDesktopFiled(DesktopPage.java:20)
  com.nopcommerce.demo.pages.DesktopPage.getTextfromDesktopFiled(DesktopPage.java:20)
  com.nopcommerce.demo.pages.DesktopPage.getTextfromDesktopFiled(DesktopPage.java:20)
  com.nopcommerce.demo.pages.DesktopPage.getTextfromDesktopFiled(DesktopPage.java:20)
  com.nopcommerce.demo.pages.DesktopPage.getTextfromDesktopFiled(DesktopPage.java:20)
  com.nopcommerce.demo.pages.DesktopPage.getTextfromDesktopFiled(DesktopPage.java:20)
  com.nopcommerce.demo.pages.DesktopPage.getTextfromDesktopFiled(DesktopPage.java:20)
  com.nopcommerce.demo.pages.DesktopPage.getTextfromDesktopFiled(DesktopPage.java:20)
  com.nopcommerce.demo.pages.DesktopPage.getTextfromDesktopFiled(DesktopPage.java:20)
  com.nopcommerce.demo.pages.DesktopPage.getTextfromDesktopFiled(DesktopPage.java:20)
  com.nopcommerce.demo.pages.DesktopPage.getTextfromDesktopFiled(DesktopPage.java:20)
  com.nopcommerce.demo.pages.DesktopPage.getTextfromDesktopFiled(DesktopPage.java:20)
  com.nopcommerce.demo.pages.DesktopPage.getTextfromDesktopFiled(DesktopPage.java:20)
  com.nopcommerce.demo.pages.DesktopPage.getTextfromDesktopFiled(DesktopPage.java:20)
  com.nopcommerce.demo.pages.DesktopPage.getTextfromDesktopFiled(DesktopPage.java:20)
  com.nopcommerce.demo.pages.DesktopPage.getTextfromDesktopFiled(DesktopPage.java:20)
  com.nopcommerce.demo.pages.DesktopPage.getTextfromDesktopFiled(DesktopPage.java:20)
  com.nopcommerce.demo.pages.DesktopPage.getTextfromDesktopFiled(DesktopPage.java:20)
  com.nopcommerce.demo.pages.DesktopPage.getTextfromDesktopFiled(DesktopPage.java:20)
  com.nopcommerce.demo.pages.DesktopPage.getTextfromDesktopFiled(DesktopPage.java:20)
  com.nopcommerce.demo.pages.DesktopPage.getTextfromDesktopFiled(DesktopPage.java:20)
  com.nopcommerce.demo.pages.DesktopPage.getTextfromDesktopFiled(DesktopPage.java:20)
  com.nopcommerce.demo.pages.DesktopPage.getTextfromDesktopFiled(DesktopPage.java:20)
  com.nopcommerce.demo.pages.DesktopPage.getTextfromDesktopFiled(DesktopPage.java:20)
  com.nopcommerce.demo.pages.DesktopPage.getTextfromDesktopFiled(DesktopPage.java:20)
  com.nopcommerce.demo.pages.DesktopPage.getTextfromDesktopFiled(DesktopPage.java:20)
  com.nopcommerce.demo.pages.DesktopPage.getTextfromDesktopFiled(DesktopPage.java:20)
  com.nopcommerce.demo.pages.DesktopPage.getTextfromDesktopFiled(DesktopPage.java:20)
  com.nopcommerce.demo.pages.DesktopPage.getTextfromDesktopFiled(DesktopPage.java:20)
  com.nopcommerce.demo.pages.DesktopPage.getTextfromDesktopFiled(DesktopPage.java:20)
  com.nopcommerce.demo.pages.DesktopPage.getTextfromDesktopFiled(DesktopPage.java:20)
  com.nopcommerce.demo.pages.DesktopPage.getTextfromDesktopFiled(DesktopPage.java:20)
  com.nopcommerce.demo.pages.DesktopPage.getTextfromDesktopFiled(DesktopPage.java:20)
  com.nopcommerce.demo.pages.DesktopPage.getTextfromDesktopFiled(DesktopPage.java:20)
  com.nopcommerce.demo.pages.DesktopPage.getTextfromDesktopFiled(DesktopPage.java:20)
  com.nopcommerce.demo.pages.DesktopPage.getTextfromDesktopFiled(DesktopPage.java:20)
  com.nopcommerce.demo.pages.DesktopPage.getTextfromDesktopFiled(DesktopPage.java:20)
  com.nopcommerce.demo.pages.DesktopPage.getTextfromDesktopFiled(DesktopPage.java:20)
  com.nopcommerce.demo.pages.DesktopPage.getTextfromDesktopFiled(DesktopPage.java:20)
  com.nopcommerce.demo.pages.DesktopPage.getTextfromDesktopFiled(DesktopPage.java:20)
  com.nopcommerce.demo.pages.DesktopPage.getTextfromDesktopFiled(DesktopPage.java:20)
  com.nopcommerce.demo.pages.DesktopPage.getTextfromDesktopFiled(DesktopPage.java:20)
  com.nopcommerce.demo.pages.DesktopPage.getTextfromDesktopFiled(DesktopPage.java:20)
  com.nopcommerce.demo.pages.DesktopPage.getTextfromDesktopFiled(DesktopPage.java:20)
  com.nopcommerce.demo.pages.DesktopPage.getTextfromDesktopFiled(DesktopPage.java:20)
  com.nopcommerce.demo.pages.DesktopPage.getTextfromDesktopFiled(DesktopPage.java:20)
  com.nopcommerce.demo.pages.DesktopPage.getTextfromDesktopFiled(DesktopPage.java:20)
  com.nopcommerce.demo.pages.DesktopPage.getTextfromDesktopFiled(DesktopPage.java:20)
  com.nopcommerce.demo.pages.DesktopPage.getTextfromDesktopFiled(DesktopPage.java:20)
  com.nopcommerce.demo.pages.DesktopPage.getTextfromDesktopFiled(DesktopPage.java:20)
  com.nopcommerce.demo.pages.DesktopPage.getTextfromDesktopFiled(DesktopPage.java:20)
  com.nopcommerce.demo.pages.DesktopPage.getTextfromDesktopFiled(DesktopPage.java:20)
  com.nopcommerce.demo.pages.DesktopPage.getTextfromDesktopFiled(DesktopPage.java:20)
  com.nopcommerce.demo.pages.DesktopPage.getTextfromDesktopFiled(DesktopPage.java:20)
  com.nopcommerce.demo.pages.DesktopPage.getTextfromDesktopFiled(DesktopPage.java:20)
  com.nopcommerce.demo.pages.DesktopPage.getTextfromDesktopFiled(DesktopPage.java:20)
  com.nopcommerce.demo.pages.DesktopPage.getTextfromDesktopFiled(DesktopPage.java:20)
  com.nopcommerce.demo.pages.DesktopPage.getTextfromDesktopFiled(DesktopPage.java:20)
  com.nopcommerce.demo.pages.DesktopPage.getTextfromDesktopFiled(DesktopPage.java:20)
  com.nopcommerce.demo.pages.DesktopPage.getTextfromDesktopFiled(DesktopPage.java:20)
  com.nopcommerce.demo.pages.DesktopPage.getTextfromDesktopFiled(DesktopPage.java:20)
  com.nopcommerce.demo.pages.DesktopPage.getTextfromDesktopFiled(DesktopPage.java:20)
  com.nopcommerce.demo.pages.DesktopPage.getTextfromDesktopFiled(DesktopPage.java:20)
  com.nopcommerce.demo.pages.DesktopPage.getTextfromDesktopFiled(DesktopPage.java:20)
  com.nopcommerce.demo.pages.DesktopPage.getTextfromDesktopFiled(DesktopPage.java:20)
  com.nopcommerce.demo.pages.DesktopPage.getTextfromDesktopFiled(DesktopPage.java:20)
  com.nopcommerce.demo.pages.DesktopPage.getTextfromDesktopFiled(DesktopPage.java:20)
  com.nopcommerce.demo.pages.DesktopPage.getTextfromDesktopFiled(DesktopPage.java:20)
  com.nopcommerce.demo.pages.DesktopPage.getTextfromDesktopFiled(DesktopPage.java:20)
  com.nopcommerce.demo.pages.DesktopPage.getTextfromDesktopFiled(DesktopPage.java:20)
  com.nopcommerce.demo.pages.DesktopPage.getTextfromDesktopFiled(DesktopPage.java:20)
  com.nopcommerce.demo.pages.DesktopPage.getTextfromDesktopFiled(DesktopPage.java:20)
  com.nopcommerce.demo.pages.DesktopPage.getTextfromDesktopFiled(DesktopPage.java:20)
  com.nopcommerce.demo.pages.DesktopPage.getTextfromDesktopFiled(DesktopPage.java:20)
  com.nopcommerce.demo.pages.DesktopPage.getTextfromDesktopFiled(DesktopPage.java:20)
  com.nopcommerce.demo.pages.DesktopPage.getTextfromDesktopFiled(DesktopPage.java:20)
  com.nopcommerce.demo.pages.DesktopPage.getTextfromDesktopFiled(DesktopPage.java:20)
  com.nopcommerce.demo.pages.DesktopPage.getTextfromDesktopFiled(DesktopPage.java:20)
  com.nopcommerce.demo.pages.DesktopPage.getTextfromDesktopFiled(DesktopPage.java:20)
  com.nopcommerce.demo.pages.DesktopPage.getTextfromDesktopFiled(DesktopPage.java:20)
  com.nopcommerce.demo.pages.DesktopPage.getTextfromDesktopFiled(DesktopPage.java:20)
  com.nopcommerce.demo.pages.DesktopPage.getTextfromDesktopFiled(DesktopPage.java:20)
  com.nopcommerce.demo.pages.DesktopPage.getTextfromDesktopFiled(DesktopPage.java:20)
  com.nopcommerce.demo.pages.DesktopPage.getTextfromDesktopFiled(DesktopPage.java:20)
  com.nopcommerce.demo.pages.DesktopPage.getTextfromDesktopFiled(DesktopPage.java:20)
  com.nopcommerce.demo.pages.DesktopPage.getTextfromDesktopFiled(DesktopPage.java:20)
  com.nopcommerce.demo.pages.DesktopPage.getTextfromDesktopFiled(DesktopPage.java:20)
  com.nopcommerce.demo.pages.DesktopPage.getTextfromDesktopFiled(DesktopPage.java:20)
  com.nopcommerce.demo.pages.DesktopPage.getTextfromDesktopFiled(DesktopPage.java:20)
  com.nopcommerce.demo.pages.DesktopPage.getTextfromDesktopFiled(DesktopPage.java:20)
  com.nopcommerce.demo.pages.DesktopPage.getTextfromDesktopFiled(DesktopPage.java:20)
  com.nopcommerce.demo.pages.DesktopPage.getTextfromDesktopFiled(DesktopPage.java:20)
  com.nopcommerce.demo.pages.DesktopPage.getTextfromDesktopFiled(DesktopPage.java:20)
  com.nopcommerce.demo.pages.DesktopPage.getTextfromDesktopFiled(DesktopPage.java:20)
  com.nopcommerce.demo.pages.DesktopPage.getTextfromDesktopFiled(DesktopPage.java:20)
  com.nopcommerce.demo.pages.DesktopPage.getTextfromDesktopFiled(DesktopPage.java:20)
  com.nopcommerce.demo.pages.DesktopPage.getTextfromDesktopFiled(DesktopPage.java:20)
  com.nopcommerce.demo.pages.DesktopPage.getTextfromDesktopFiled(DesktopPage.java:20)
  com.nopcommerce.demo.pages.DesktopPage.getTextfromDesktopFiled(DesktopPage.java:20)
  com.nopcommerce.demo.pages.DesktopPage.getTextfromDesktopFiled(DesktopPage.java:20)
  com.nopcommerce.demo.pages.DesktopPage.getTextfromDesktopFiled(DesktopPage.java:20)
  com.nopcommerce.demo.pages.DesktopPage.getTextfromDesktopFiled(DesktopPage.java:20)
  com.nopcommerce.demo.pages.DesktopPage.getTextfromDesktopFiled(DesktopPage.java:20)
  com.nopcommerce.demo.pages.DesktopPage.getTextfromDesktopFiled(DesktopPage.java:20)
  com.nopcommerce.demo.pages.DesktopPage.getTextfromDesktopFiled(DesktopPage.java:20)
  com.nopcommerce.demo.pages.DesktopPage.getTextfromDesktopFiled(DesktopPage.java:20)
  com.nopcommerce.demo.pages.DesktopPage.getTextfromDesktopFiled(DesktopPage.java:20)
  com.nopcommerce.demo.pages.DesktopPage.getTextfromDesktopFiled(DesktopPage.java:20)
  com.nopcommerce.demo.pages.DesktopPage.getTextfromDesktopFiled(DesktopPage.java:20)
  com.nopcommerce.demo.pages.DesktopPage.getTextfromDesktopFiled(DesktopPage.java:20)
  com.nopcommerce.demo.pages.DesktopPage.getTextfromDesktopFiled(DesktopPage.java:20)
  com.nopcommerce.demo.pages.DesktopPage.getTextfromDesktopFiled(DesktopPage.java:20)
  com.nopcommerce.demo.pages.DesktopPage.getTextfromDesktopFiled(DesktopPage.java:20)
  com.nopcommerce.demo.pages.DesktopPage.getTextfromDesktopFiled(DesktopPage.java:20)
  com.nopcommerce.demo.pages.DesktopPage.getTextfromDesktopFiled(DesktopPage.java:20)
  com.nopcommerce.demo.pages.DesktopPage.getTextfromDesktopFiled(DesktopPage.java:20)
  com.nopcommerce.demo.pages.DesktopPage.getTextfromDesktopFiled(DesktopPage.java:20)
  com.nopcommerce.demo.pages.DesktopPage.getTextfromDesktopFiled(DesktopPage.java:20)
  com.nopcommerce.demo.pages.DesktopPage.getTextfromDesktopFiled(DesktopPage.java:20)
  com.nopcommerce.demo.pages.DesktopPage.getTextfromDesktopFiled(DesktopPage.java:20)
  com.nopcommerce.demo.pages.DesktopPage.getTextfromDesktopFiled(DesktopPage.java:20)
  com.nopcommerce.demo.pages.DesktopPage.getTextfromDesktopFiled(DesktopPage.java:20)
  com.nopcommerce.demo.pages.DesktopPage.getTextfromDesktopFiled(DesktopPage.java:20)
  com.nopcommerce.demo.pages.DesktopPage.getTextfromDesktopFiled(DesktopPage.java:20)
  com.nopcommerce.demo.pages.DesktopPage.getTextfromDesktopFiled(DesktopPage.java:20)
  com.nopcommerce.demo.pages.DesktopPage.getTextfromDesktopFiled(DesktopPage.java:20)
  com.nopcommerce.demo.pages.DesktopPage.getTextfromDesktopFiled(DesktopPage.java:20)
  com.nopcommerce.demo.pages.DesktopPage.getTextfromDesktopFiled(DesktopPage.java:20)
  com.nopcommerce.demo.pages.DesktopPage.getTextfromDesktopFiled(DesktopPage.java:20)
  com.nopcommerce.demo.pages.DesktopPage.getTextfromDesktopFiled(DesktopPage.java:20)
  com.nopcommerce.demo.pages.DesktopPage.getTextfromDesktopFiled(DesktopPage.java:20)
  com.nopcommerce.demo.pages.DesktopPage.getTextfromDesktopFiled(DesktopPage.java:20)
  com.nopcommerce.demo.pages.DesktopPage.getTextfromDesktopFiled(DesktopPage.java:20)
  com.nopcommerce.demo.pages.DesktopPage.getTextfromDesktopFiled(DesktopPage.java:20)
  com.nopcommerce.demo.pages.DesktopPage.getTextfromDesktopFiled(DesktopPage.java:20)
  com.nopcommerce.demo.pages.DesktopPage.getTextfromDesktopFiled(DesktopPage.java:20)
  com.nopcommerce.demo.pages.DesktopPage.getTextfromDesktopFiled(DesktopPage.java:20)
  com.nopcommerce.demo.pages.DesktopPage.getTextfromDesktopFiled(DesktopPage.java:20)
  com.nopcommerce.demo.pages.DesktopPage.getTextfromDesktopFiled(DesktopPage.java:20)
  com.nopcommerce.demo.pages.DesktopPage.getTextfromDesktopFiled(DesktopPage.java:20)
  com.nopcommerce.demo.pages.DesktopPage.getTextfromDesktopFiled(DesktopPage.java:20)
  com.nopcommerce.demo.pages.DesktopPage.getTextfromDesktopFiled(DesktopPage.java:20)
  com.nopcommerce.demo.pages.DesktopPage.getTextfromDesktopFiled(DesktopPage.java:20)
  com.nopcommerce.demo.pages.DesktopPage.getTextfromDesktopFiled(DesktopPage.java:20)
  com.nopcommerce.demo.pages.DesktopPage.getTextfromDesktopFiled(DesktopPage.java:20)
  com.nopcommerce.demo.pages.DesktopPage.getTextfromDesktopFiled(DesktopPage.java:20)
  com.nopcommerce.demo.pages.DesktopPage.getTextfromDesktopFiled(DesktopPage.java:20)
  com.nopcommerce.demo.pages.DesktopPage.getTextfromDesktopFiled(DesktopPage.java:20)
  com.nopcommerce.demo.pages.DesktopPage.getTextfromDesktopFiled(DesktopPage.java:20)
  com.nopcommerce.demo.pages.DesktopPage.getTextfromDesktopFiled(DesktopPage.java:20)
  com.nopcommerce.demo.pages.DesktopPage.getTextfromDesktopFiled(DesktopPage.java:20)
  com.nopcommerce.demo.pages.DesktopPage.getTextfromDesktopFiled(DesktopPage.java:20)
  com.nopcommerce.demo.pages.DesktopPage.getTextfromDesktopFiled(DesktopPage.java:20)
  com.nopcommerce.demo.pages.DesktopPage.getTextfromDesktopFiled(DesktopPage.java:20)
  com.nopcommerce.demo.pages.DesktopPage.getTextfromDesktopFiled(DesktopPage.java:20)
  com.nopcommerce.demo.pages.DesktopPage.getTextfromDesktopFiled(DesktopPage.java:20)
  com.nopcommerce.demo.pages.DesktopPage.getTextfromDesktopFiled(DesktopPage.java:20)
  com.nopcommerce.demo.pages.DesktopPage.getTextfromDesktopFiled(DesktopPage.java:20)
  com.nopcommerce.demo.pages.DesktopPage.getTextfromDesktopFiled(DesktopPage.java:20)
  com.nopcommerce.demo.pages.DesktopPage.getTextfromDesktopFiled(DesktopPage.java:20)
  com.nopcommerce.demo.pages.DesktopPage.getTextfromDesktopFiled(DesktopPage.java:20)
  com.nopcommerce.demo.pages.DesktopPage.getTextfromDesktopFiled(DesktopPage.java:20)
  com.nopcommerce.demo.pages.DesktopPage.getTextfromDesktopFiled(DesktopPage.java:20)
  com.nopcommerce.demo.pages.DesktopPage.getTextfromDesktopFiled(DesktopPage.java:20)
  com.nopcommerce.demo.pages.DesktopPage.getTextfromDesktopFiled(DesktopPage.java:20)
  com.nopcommerce.demo.pages.DesktopPage.getTextfromDesktopFiled(DesktopPage.java:20)
  com.nopcommerce.demo.pages.DesktopPage.getTextfromDesktopFiled(DesktopPage.java:20)
  com.nopcommerce.demo.pages.DesktopPage.getTextfromDesktopFiled(DesktopPage.java:20)
  com.nopcommerce.demo.pages.DesktopPage.getTextfromDesktopFiled(DesktopPage.java:20)
  com.nopcommerce.demo.pages.DesktopPage.getTextfromDesktopFiled(DesktopPage.java:20)
  com.nopcommerce.demo.pages.DesktopPage.getTextfromDesktopFiled(DesktopPage.java:20)
  com.nopcommerce.demo.pages.DesktopPage.getTextfromDesktopFiled(DesktopPage.java:20)
  com.nopcommerce.demo.pages.DesktopPage.getTextfromDesktopFiled(DesktopPage.java:20)
  com.nopcommerce.demo.pages.DesktopPage.getTextfromDesktopFiled(DesktopPage.java:20)
  com.nopcommerce.demo.pages.DesktopPage.getTextfromDesktopFiled(DesktopPage.java:20)
  com.nopcommerce.demo.pages.DesktopPage.getTextfromDesktopFiled(DesktopPage.java:20)
  com.nopcommerce.demo.pages.DesktopPage.getTextfromDesktopFiled(DesktopPage.java:20)
  com.nopcommerce.demo.pages.DesktopPage.getTextfromDesktopFiled(DesktopPage.java:20)
  com.nopcommerce.demo.pages.DesktopPage.getTextfromDesktopFiled(DesktopPage.java:20)
  com.nopcommerce.demo.pages.DesktopPage.getTextfromDesktopFiled(DesktopPage.java:20)
  com.nopcommerce.demo.pages.DesktopPage.getTextfromDesktopFiled(DesktopPage.java:20)
  com.nopcommerce.demo.pages.DesktopPage.getTextfromDesktopFiled(DesktopPage.java:20)
  com.nopcommerce.demo.pages.DesktopPage.getTextfromDesktopFiled(DesktopPage.java:20)
  com.nopcommerce.demo.pages.DesktopPage.getTextfromDesktopFiled(DesktopPage.java:20)
  com.nopcommerce.demo.pages.DesktopPage.getTextfromDesktopFiled(DesktopPage.java:20)
  com.nopcommerce.demo.pages.DesktopPage.getTextfromDesktopFiled(DesktopPage.java:20)
  com.nopcommerce.demo.pages.DesktopPage.getTextfromDesktopFiled(DesktopPage.java:20)
  com.nopcommerce.demo.pages.DesktopPage.getTextfromDesktopFiled(DesktopPage.java:20)
  com.nopcommerce.demo.pages.DesktopPage.getTextfromDesktopFiled(DesktopPage.java:20)
  com.nopcommerce.demo.pages.DesktopPage.getTextfromDesktopFiled(DesktopPage.java:20)
  com.nopcommerce.demo.pages.DesktopPage.getTextfromDesktopFiled(DesktopPage.java:20)
  com.nopcommerce.demo.pages.DesktopPage.getTextfromDesktopFiled(DesktopPage.java:20)
  com.nopcommerce.demo.pages.DesktopPage.getTextfromDesktopFiled(DesktopPage.java:20)
  com.nopcommerce.demo.pages.DesktopPage.getTextfromDesktopFiled(DesktopPage.java:20)
  com.nopcommerce.demo.pages.DesktopPage.getTextfromDesktopFiled(DesktopPage.java:20)
  com.nopcommerce.demo.pages.DesktopPage.getTextfromDesktopFiled(DesktopPage.java:20)
  com.nopcommerce.demo.pages.DesktopPage.getTextfromDesktopFiled(DesktopPage.java:20)
  com.nopcommerce.demo.pages.DesktopPage.getTextfromDesktopFiled(DesktopPage.java:20)
  com.nopcommerce.demo.pages.DesktopPage.getTextfromDesktopFiled(DesktopPage.java:20)
  com.nopcommerce.demo.pages.DesktopPage.getTextfromDesktopFiled(DesktopPage.java:20)
  com.nopcommerce.demo.pages.DesktopPage.getTextfromDesktopFiled(DesktopPage.java:20)
  com.nopcommerce.demo.pages.DesktopPage.getTextfromDesktopFiled(DesktopPage.java:20)
  com.nopcommerce.demo.pages.DesktopPage.getTextfromDesktopFiled(DesktopPage.java:20)
  com.nopcommerce.demo.pages.DesktopPage.getTextfromDesktopFiled(DesktopPage.java:20)
  com.nopcommerce.demo.pages.DesktopPage.getTextfromDesktopFiled(DesktopPage.java:20)
  com.nopcommerce.demo.pages.DesktopPage.getTextfromDesktopFiled(DesktopPage.java:20)
  com.nopcommerce.demo.pages.DesktopPage.getTextfromDesktopFiled(DesktopPage.java:20)
  com.nopcommerce.demo.pages.DesktopPage.getTextfromDesktopFiled(DesktopPage.java:20)
  com.nopcommerce.demo.pages.DesktopPage.getTextfromDesktopFiled(DesktopPage.java:20)
  com.nopcommerce.demo.pages.DesktopPage.getTextfromDesktopFiled(DesktopPage.java:20)
  com.nopcommerce.demo.pages.DesktopPage.getTextfromDesktopFiled(DesktopPage.java:20)
  com.nopcommerce.demo.pages.DesktopPage.getTextfromDesktopFiled(DesktopPage.java:20)
  com.nopcommerce.demo.pages.DesktopPage.getTextfromDesktopFiled(DesktopPage.java:20)
  com.nopcommerce.demo.pages.DesktopPage.getTextfromDesktopFiled(DesktopPage.java:20)
  com.nopcommerce.demo.pages.DesktopPage.getTextfromDesktopFiled(DesktopPage.java:20)
  com.nopcommerce.demo.pages.DesktopPage.getTextfromDesktopFiled(DesktopPage.java:20)
  com.nopcommerce.demo.pages.DesktopPage.getTextfromDesktopFiled(DesktopPage.java:20)
  com.nopcommerce.demo.pages.DesktopPage.getTextfromDesktopFiled(DesktopPage.java:20)
  com.nopcommerce.demo.pages.DesktopPage.getTextfromDesktopFiled(DesktopPage.java:20)
  com.nopcommerce.demo.pages.DesktopPage.getTextfromDesktopFiled(DesktopPage.java:20)
  com.nopcommerce.demo.pages.DesktopPage.getTextfromDesktopFiled(DesktopPage.java:20)
  com.nopcommerce.demo.pages.DesktopPage.getTextfromDesktopFiled(DesktopPage.java:20)
  com.nopcommerce.demo.pages.DesktopPage.getTextfromDesktopFiled(DesktopPage.java:20)
  com.nopcommerce.demo.pages.DesktopPage.getTextfromDesktopFiled(DesktopPage.java:20)
  com.nopcommerce.demo.pages.DesktopPage.getTextfromDesktopFiled(DesktopPage.java:20)
  com.nopcommerce.demo.pages.DesktopPage.getTextfromDesktopFiled(DesktopPage.java:20)
  com.nopcommerce.demo.pages.DesktopPage.getTextfromDesktopFiled(DesktopPage.java:20)
  com.nopcommerce.demo.pages.DesktopPage.getTextfromDesktopFiled(DesktopPage.java:20)
  com.nopcommerce.demo.pages.DesktopPage.getTextfromDesktopFiled(DesktopPage.java:20)
  com.nopcommerce.demo.pages.DesktopPage.getTextfromDesktopFiled(DesktopPage.java:20)
  com.nopcommerce.demo.pages.DesktopPage.getTextfromDesktopFiled(DesktopPage.java:20)
  com.nopcommerce.demo.pages.DesktopPage.getTextfromDesktopFiled(DesktopPage.java:20)
  com.nopcommerce.demo.pages.DesktopPage.getTextfromDesktopFiled(DesktopPage.java:20)
  com.nopcommerce.demo.pages.DesktopPage.getTextfromDesktopFiled(DesktopPage.java:20)
  com.nopcommerce.demo.pages.DesktopPage.getTextfromDesktopFiled(DesktopPage.java:20)
  com.nopcommerce.demo.pages.DesktopPage.getTextfromDesktopFiled(DesktopPage.java:20)
  com.nopcommerce.demo.pages.DesktopPage.getTextfromDesktopFiled(DesktopPage.java:20)
  com.nopcommerce.demo.pages.DesktopPage.getTextfromDesktopFiled(DesktopPage.java:20)
  com.nopcommerce.demo.pages.DesktopPage.getTextfromDesktopFiled(DesktopPage.java:20)
  com.nopcommerce.demo.pages.DesktopPage.getTextfromDesktopFiled(DesktopPage.java:20)
  com.nopcommerce.demo.pages.DesktopPage.getTextfromDesktopFiled(DesktopPage.java:20)
  com.nopcommerce.demo.pages.DesktopPage.getTextfromDesktopFiled(DesktopPage.java:20)
  com.nopcommerce.demo.pages.DesktopPage.getTextfromDesktopFiled(DesktopPage.java:20)
  com.nopcommerce.demo.pages.DesktopPage.getTextfromDesktopFiled(DesktopPage.java:20)
  com.nopcommerce.demo.pages.DesktopPage.getTextfromDesktopFiled(DesktopPage.java:20)
  com.nopcommerce.demo.pages.DesktopPage.getTextfromDesktopFiled(DesktopPage.java:20)
  com.nopcommerce.demo.pages.DesktopPage.getTextfromDesktopFiled(DesktopPage.java:20)
  com.nopcommerce.demo.pages.DesktopPage.getTextfromDesktopFiled(DesktopPage.java:20)
  com.nopcommerce.demo.pages.DesktopPage.getTextfromDesktopFiled(DesktopPage.java:20)
  com.nopcommerce.demo.pages.DesktopPage.getTextfromDesktopFiled(DesktopPage.java:20)
  com.nopcommerce.demo.pages.DesktopPage.getTextfromDesktopFiled(DesktopPage.java:20)
  com.nopcommerce.demo.pages.DesktopPage.getTextfromDesktopFiled(DesktopPage.java:20)
  com.nopcommerce.demo.pages.DesktopPage.getTextfromDesktopFiled(DesktopPage.java:20)
  com.nopcommerce.demo.pages.DesktopPage.getTextfromDesktopFiled(DesktopPage.java:20)
  com.nopcommerce.demo.pages.DesktopPage.getTextfromDesktopFiled(DesktopPage.java:20)
  com.nopcommerce.demo.pages.DesktopPage.getTextfromDesktopFiled(DesktopPage.java:20)
  com.nopcommerce.demo.pages.DesktopPage.getTextfromDesktopFiled(DesktopPage.java:20)
  com.nopcommerce.demo.pages.DesktopPage.getTextfromDesktopFiled(DesktopPage.java:20)
  com.nopcommerce.demo.pages.DesktopPage.getTextfromDesktopFiled(DesktopPage.java:20)
  com.nopcommerce.demo.pages.DesktopPage.getTextfromDesktopFiled(DesktopPage.java:20)
  com.nopcommerce.demo.pages.DesktopPage.getTextfromDesktopFiled(DesktopPage.java:20)
  com.nopcommerce.demo.pages.DesktopPage.getTextfromDesktopFiled(DesktopPage.java:20)
  com.nopcommerce.demo.pages.DesktopPage.getTextfromDesktopFiled(DesktopPage.java:20)
  com.nopcommerce.demo.pages.DesktopPage.getTextfromDesktopFiled(DesktopPage.java:20)
  com.nopcommerce.demo.pages.DesktopPage.getTextfromDesktopFiled(DesktopPage.java:20)
  com.nopcommerce.demo.pages.DesktopPage.getTextfromDesktopFiled(DesktopPage.java:20)
  com.nopcommerce.demo.pages.DesktopPage.getTextfromDesktopFiled(DesktopPage.java:20)
  com.nopcommerce.demo.pages.DesktopPage.getTextfromDesktopFiled(DesktopPage.java:20)
  com.nopcommerce.demo.pages.DesktopPage.getTextfromDesktopFiled(DesktopPage.java:20)
  com.nopcommerce.demo.pages.DesktopPage.getTextfromDesktopFiled(DesktopPage.java:20)
  com.nopcommerce.demo.pages.DesktopPage.getTextfromDesktopFiled(DesktopPage.java:20)
  com.nopcommerce.demo.pages.DesktopPage.getTextfromDesktopFiled(DesktopPage.java:20)
  com.nopcommerce.demo.pages.DesktopPage.getTextfromDesktopFiled(DesktopPage.java:20)
  com.nopcommerce.demo.pages.DesktopPage.getTextfromDesktopFiled(DesktopPage.java:20)
  com.nopcommerce.demo.pages.DesktopPage.getTextfromDesktopFiled(DesktopPage.java:20)
  com.nopcommerce.demo.pages.DesktopPage.getTextfromDesktopFiled(DesktopPage.java:20)
  com.nopcommerce.demo.pages.DesktopPage.getTextfromDesktopFiled(DesktopPage.java:20)
  com.nopcommerce.demo.pages.DesktopPage.getTextfromDesktopFiled(DesktopPage.java:20)
  com.nopcommerce.demo.pages.DesktopPage.getTextfromDesktopFiled(DesktopPage.java:20)
  com.nopcommerce.demo.pages.DesktopPage.getTextfromDesktopFiled(DesktopPage.java:20)
  com.nopcommerce.demo.pages.DesktopPage.getTextfromDesktopFiled(DesktopPage.java:20)
  com.nopcommerce.demo.pages.DesktopPage.getTextfromDesktopFiled(DesktopPage.java:20)
  com.nopcommerce.demo.pages.DesktopPage.getTextfromDesktopFiled(DesktopPage.java:20)
  com.nopcommerce.demo.pages.DesktopPage.getTextfromDesktopFiled(DesktopPage.java:20)
  com.nopcommerce.demo.pages.DesktopPage.getTextfromDesktopFiled(DesktopPage.java:20)
  com.nopcommerce.demo.pages.DesktopPage.getTextfromDesktopFiled(DesktopPage.java:20)
  com.nopcommerce.demo.pages.DesktopPage.getTextfromDesktopFiled(DesktopPage.java:20)
  com.nopcommerce.demo.pages.DesktopPage.getTextfromDesktopFiled(DesktopPage.java:20)
  com.nopcommerce.demo.pages.DesktopPage.getTextfromDesktopFiled(DesktopPage.java:20)
  com.nopcommerce.demo.pages.DesktopPage.getTextfromDesktopFiled(DesktopPage.java:20)
  com.nopcommerce.demo.pages.DesktopPage.getTextfromDesktopFiled(DesktopPage.java:20)
  com.nopcommerce.demo.pages.DesktopPage.getTextfromDesktopFiled(DesktopPage.java:20)
  com.nopcommerce.demo.pages.DesktopPage.getTextfromDesktopFiled(DesktopPage.java:20)
  com.nopcommerce.demo.pages.DesktopPage.getTextfromDesktopFiled(DesktopPage.java:20)
  com.nopcommerce.demo.pages.DesktopPage.getTextfromDesktopFiled(DesktopPage.java:20)
  com.nopcommerce.demo.pages.DesktopPage.getTextfromDesktopFiled(DesktopPage.java:20)
  com.nopcommerce.demo.pages.DesktopPage.getTextfromDesktopFiled(DesktopPage.java:20)
  com.nopcommerce.demo.pages.DesktopPage.getTextfromDesktopFiled(DesktopPage.java:20)
  com.nopcommerce.demo.pages.DesktopPage.getTextfromDesktopFiled(DesktopPage.java:20)
  com.nopcommerce.demo.pages.DesktopPage.getTextfromDesktopFiled(DesktopPage.java:20)
  com.nopcommerce.demo.pages.DesktopPage.getTextfromDesktopFiled(DesktopPage.java:20)
  com.nopcommerce.demo.pages.DesktopPage.getTextfromDesktopFiled(DesktopPage.java:20)
  com.nopcommerce.demo.pages.DesktopPage.getTextfromDesktopFiled(DesktopPage.java:20)
  com.nopcommerce.demo.pages.DesktopPage.getTextfromDesktopFiled(DesktopPage.java:20)
  com.nopcommerce.demo.pages.DesktopPage.getTextfromDesktopFiled(DesktopPage.java:20)
  com.nopcommerce.demo.pages.DesktopPage.getTextfromDesktopFiled(DesktopPage.java:20)
  com.nopcommerce.demo.pages.DesktopPage.getTextfromDesktopFiled(DesktopPage.java:20)
  com.nopcommerce.demo.pages.DesktopPage.getTextfromDesktopFiled(DesktopPage.java:20)
  com.nopcommerce.demo.pages.DesktopPage.getTextfromDesktopFiled(DesktopPage.java:20)
  com.nopcommerce.demo.pages.DesktopPage.getTextfromDesktopFiled(DesktopPage.java:20)
  com.nopcommerce.demo.pages.DesktopPage.getTextfromDesktopFiled(DesktopPage.java:20)
  com.nopcommerce.demo.pages.DesktopPage.getTextfromDesktopFiled(DesktopPage.java:20)
  com.nopcommerce.demo.pages.DesktopPage.getTextfromDesktopFiled(DesktopPage.java:20)
  com.nopcommerce.demo.pages.DesktopPage.getTextfromDesktopFiled(DesktopPage.java:20)
  com.nopcommerce.demo.pages.DesktopPage.getTextfromDesktopFiled(DesktopPage.java:20)
  com.nopcommerce.demo.pages.DesktopPage.getTextfromDesktopFiled(DesktopPage.java:20)
  com.nopcommerce.demo.pages.DesktopPage.getTextfromDesktopFiled(DesktopPage.java:20)
  com.nopcommerce.demo.pages.DesktopPage.getTextfromDesktopFiled(DesktopPage.java:20)
  com.nopcommerce.demo.pages.DesktopPage.getTextfromDesktopFiled(DesktopPage.java:20)
  com.nopcommerce.demo.pages.DesktopPage.getTextfromDesktopFiled(DesktopPage.java:20)
  com.nopcommerce.demo.pages.DesktopPage.getTextfromDesktopFiled(DesktopPage.java:20)
  com.nopcommerce.demo.pages.DesktopPage.getTextfromDesktopFiled(DesktopPage.java:20)
  com.nopcommerce.demo.pages.DesktopPage.getTextfromDesktopFiled(DesktopPage.java:20)
  com.nopcommerce.demo.pages.DesktopPage.getTextfromDesktopFiled(DesktopPage.java:20)
  com.nopcommerce.demo.pages.DesktopPage.getTextfromDesktopFiled(DesktopPage.java:20)
  com.nopcommerce.demo.pages.DesktopPage.getTextfromDesktopFiled(DesktopPage.java:20)
  com.nopcommerce.demo.pages.DesktopPage.getTextfromDesktopFiled(DesktopPage.java:20)
  com.nopcommerce.demo.pages.DesktopPage.getTextfromDesktopFiled(DesktopPage.java:20)
  com.nopcommerce.demo.pages.DesktopPage.getTextfromDesktopFiled(DesktopPage.java:20)
  com.nopcommerce.demo.pages.DesktopPage.getTextfromDesktopFiled(DesktopPage.java:20)
  com.nopcommerce.demo.pages.DesktopPage.getTextfromDesktopFiled(DesktopPage.java:20)
  com.nopcommerce.demo.pages.DesktopPage.getTextfromDesktopFiled(DesktopPage.java:20)
  com.nopcommerce.demo.pages.DesktopPage.getTextfromDesktopFiled(DesktopPage.java:20)
  com.nopcommerce.demo.pages.DesktopPage.getTextfromDesktopFiled(DesktopPage.java:20)
  com.nopcommerce.demo.pages.DesktopPage.getTextfromDesktopFiled(DesktopPage.java:20)
  com.nopcommerce.demo.pages.DesktopPage.getTextfromDesktopFiled(DesktopPage.java:20)
  com.nopcommerce.demo.pages.DesktopPage.getTextfromDesktopFiled(DesktopPage.java:20)
  com.nopcommerce.demo.pages.DesktopPage.getTextfromDesktopFiled(DesktopPage.java:20)
  com.nopcommerce.demo.pages.DesktopPage.getTextfromDesktopFiled(DesktopPage.java:20)
  com.nopcommerce.demo.pages.DesktopPage.getTextfromDesktopFiled(DesktopPage.java:20)
  com.nopcommerce.demo.pages.DesktopPage.getTextfromDesktopFiled(DesktopPage.java:20)
  com.nopcommerce.demo.pages.DesktopPage.getTextfromDesktopFiled(DesktopPage.java:20)
  com.nopcommerce.demo.pages.DesktopPage.getTextfromDesktopFiled(DesktopPage.java:20)
  com.nopcommerce.demo.pages.DesktopPage.getTextfromDesktopFiled(DesktopPage.java:20)
  com.nopcommerce.demo.pages.DesktopPage.getTextfromDesktopFiled(DesktopPage.java:20)
  com.nopcommerce.demo.pages.DesktopPage.getTextfromDesktopFiled(DesktopPage.java:20)
  com.nopcommerce.demo.pages.DesktopPage.getTextfromDesktopFiled(DesktopPage.java:20)
  com.nopcommerce.demo.pages.DesktopPage.getTextfromDesktopFiled(DesktopPage.java:20)
  com.nopcommerce.demo.pages.DesktopPage.getTextfromDesktopFiled(DesktopPage.java:20)
  com.nopcommerce.demo.pages.DesktopPage.getTextfromDesktopFiled(DesktopPage.java:20)
  com.nopcommerce.demo.pages.DesktopPage.getTextfromDesktopFiled(DesktopPage.java:20)
  com.nopcommerce.demo.pages.DesktopPage.getTextfromDesktopFiled(DesktopPage.java:20)
  com.nopcommerce.demo.pages.DesktopPage.getTextfromDesktopFiled(DesktopPage.java:20)
  com.nopcommerce.demo.pages.DesktopPage.getTextfromDesktopFiled(DesktopPage.java:20)
  com.nopcommerce.demo.pages.DesktopPage.getTextfromDesktopFiled(DesktopPage.java:20)
  com.nopcommerce.demo.pages.DesktopPage.getTextfromDesktopFiled(DesktopPage.java:20)
  com.nopcommerce.demo.pages.DesktopPage.getTextfromDesktopFiled(DesktopPage.java:20)
  com.nopcommerce.demo.pages.DesktopPage.getTextfromDesktopFiled(DesktopPage.java:20)
  com.nopcommerce.demo.pages.DesktopPage.getTextfromDesktopFiled(DesktopPage.java:20)
  com.nopcommerce.demo.pages.DesktopPage.getTextfromDesktopFiled(DesktopPage.java:20)
  com.nopcommerce.demo.pages.DesktopPage.getTextfromDesktopFiled(DesktopPage.java:20)
  com.nopcommerce.demo.pages.DesktopPage.getTextfromDesktopFiled(DesktopPage.java:20)
  com.nopcommerce.demo.pages.DesktopPage.getTextfromDesktopFiled(DesktopPage.java:20)
  com.nopcommerce.demo.pages.DesktopPage.getTextfromDesktopFiled(DesktopPage.java:20)
  com.nopcommerce.demo.pages.DesktopPage.getTextfromDesktopFiled(DesktopPage.java:20)
  com.nopcommerce.demo.pages.DesktopPage.getTextfromDesktopFiled(DesktopPage.java:20)
  com.nopcommerce.demo.pages.DesktopPage.getTextfromDesktopFiled(DesktopPage.java:20)
  com.nopcommerce.demo.pages.DesktopPage.getTextfromDesktopFiled(DesktopPage.java:20)
  com.nopcommerce.demo.pages.DesktopPage.getTextfromDesktopFiled(DesktopPage.java:20)
  com.nopcommerce.demo.pages.DesktopPage.getTextfromDesktopFiled(DesktopPage.java:20)
  com.nopcommerce.demo.pages.DesktopPage.getTextfromDesktopFiled(DesktopPage.java:20)
  com.nopcommerce.demo.pages.DesktopPage.getTextfromDesktopFiled(DesktopPage.java:20)
  com.nopcommerce.demo.pages.DesktopPage.getTextfromDesktopFiled(DesktopPage.java:20)
  com.nopcommerce.demo.pages.DesktopPage.getTextfromDesktopFiled(DesktopPage.java:20)
  com.nopcommerce.demo.pages.DesktopPage.getTextfromDesktopFiled(DesktopPage.java:20)
  com.nopcommerce.demo.pages.DesktopPage.getTextfromDesktopFiled(DesktopPage.java:20)
  com.nopcommerce.demo.pages.DesktopPage.getTextfromDesktopFiled(DesktopPage.java:20)
  com.nopcommerce.demo.pages.DesktopPage.getTextfromDesktopFiled(DesktopPage.java:20)
  com.nopcommerce.demo.pages.DesktopPage.getTextfromDesktopFiled(DesktopPage.java:20)
  com.nopcommerce.demo.pages.DesktopPage.getTextfromDesktopFiled(DesktopPage.java:20)
  com.nopcommerce.demo.pages.DesktopPage.getTextfromDesktopFiled(DesktopPage.java:20)
  com.nopcommerce.demo.pages.DesktopPage.getTextfromDesktopFiled(DesktopPage.java:20)
  com.nopcommerce.demo.pages.DesktopPage.getTextfromDesktopFiled(DesktopPage.java:20)
  com.nopcommerce.demo.pages.DesktopPage.getTextfromDesktopFiled(DesktopPage.java:20)
  com.nopcommerce.demo.pages.DesktopPage.getTextfromDesktopFiled(DesktopPage.java:20)
  com.nopcommerce.demo.pages.DesktopPage.getTextfromDesktopFiled(DesktopPage.java:20)
  com.nopcommerce.demo.pages.DesktopPage.getTextfromDesktopFiled(DesktopPage.java:20)
  com.nopcommerce.demo.pages.DesktopPage.getTextfromDesktopFiled(DesktopPage.java:20)
  com.nopcommerce.demo.pages.DesktopPage.getTextfromDesktopFiled(DesktopPage.java:20)
  com.nopcommerce.demo.pages.DesktopPage.getTextfromDesktopFiled(DesktopPage.java:20)
  com.nopcommerce.demo.pages.DesktopPage.getTextfromDesktopFiled(DesktopPage.java:20)
  com.nopcommerce.demo.pages.DesktopPage.getTextfromDesktopFiled(DesktopPage.java:20)
  com.nopcommerce.demo.pages.DesktopPage.getTextfromDesktopFiled(DesktopPage.java:20)
  com.nopcommerce.demo.pages.DesktopPage.getTextfromDesktopFiled(DesktopPage.java:20)
  com.nopcommerce.demo.pages.DesktopPage.getTextfromDesktopFiled(DesktopPage.java:20)
  com.nopcommerce.demo.pages.DesktopPage.getTextfromDesktopFiled(DesktopPage.java:20)
  com.nopcommerce.demo.pages.DesktopPage.getTextfromDesktopFiled(DesktopPage.java:20)
  com.nopcommerce.demo.pages.DesktopPage.getTextfromDesktopFiled(DesktopPage.java:20)
  com.nopcommerce.demo.pages.DesktopPage.getTextfromDesktopFiled(DesktopPage.java:20)
  com.nopcommerce.demo.pages.DesktopPage.getTextfromDesktopFiled(DesktopPage.java:20)
  com.nopcommerce.demo.pages.DesktopPage.getTextfromDesktopFiled(DesktopPage.java:20)
  com.nopcommerce.demo.pages.DesktopPage.getTextfromDesktopFiled(DesktopPage.java:20)
  com.nopcommerce.demo.pages.DesktopPage.getTextfromDesktopFiled(DesktopPage.java:20)
  com.nopcommerce.demo.pages.DesktopPage.getTextfromDesktopFiled(DesktopPage.java:20)
  com.nopcommerce.demo.pages.DesktopPage.getTextfromDesktopFiled(DesktopPage.java:20)
  com.nopcommerce.demo.pages.DesktopPage.getTextfromDesktopFiled(DesktopPage.java:20)
  com.nopcommerce.demo.pages.DesktopPage.getTextfromDesktopFiled(DesktopPage.java:20)
  com.nopcommerce.demo.pages.DesktopPage.getTextfromDesktopFiled(DesktopPage.java:20)
  com.nopcommerce.demo.pages.DesktopPage.getTextfromDesktopFiled(DesktopPage.java:20)
  com.nopcommerce.demo.pages.DesktopPage.getTextfromDesktopFiled(DesktopPage.java:20)
  com.nopcommerce.demo.pages.DesktopPage.getTextfromDesktopFiled(DesktopPage.java:20)
  com.nopcommerce.demo.pages.DesktopPage.getTextfromDesktopFiled(DesktopPage.java:20)
  com.nopcommerce.demo.pages.DesktopPage.getTextfromDesktopFiled(DesktopPage.java:20)
  com.nopcommerce.demo.pages.DesktopPage.getTextfromDesktopFiled(DesktopPage.java:20)
  com.nopcommerce.demo.pages.DesktopPage.getTextfromDesktopFiled(DesktopPage.java:20)
  com.nopcommerce.demo.pages.DesktopPage.getTextfromDesktopFiled(DesktopPage.java:20)
  com.nopcommerce.demo.pages.DesktopPage.getTextfromDesktopFiled(DesktopPage.java:20)
  com.nopcommerce.demo.pages.DesktopPage.getTextfromDesktopFiled(DesktopPage.java:20)
  com.nopcommerce.demo.pages.DesktopPage.getTextfromDesktopFiled(DesktopPage.java:20)
  com.nopcommerce.demo.pages.DesktopPage.getTextfromDesktopFiled(DesktopPage.java:20)
  com.nopcommerce.demo.pages.DesktopPage.getTextfromDesktopFiled(DesktopPage.java:20)
  com.nopcommerce.demo.pages.DesktopPage.getTextfromDesktopFiled(DesktopPage.java:20)
  com.nopcommerce.demo.pages.DesktopPage.getTextfromDesktopFiled(DesktopPage.java:20)
  com.nopcommerce.demo.pages.DesktopPage.getTextfromDesktopFiled(DesktopPage.java:20)
  com.nopcommerce.demo.pages.DesktopPage.getTextfromDesktopFiled(DesktopPage.java:20)
  com.nopcommerce.demo.pages.DesktopPage.getTextfromDesktopFiled(DesktopPage.java:20)
  com.nopcommerce.demo.pages.DesktopPage.getTextfromDesktopFiled(DesktopPage.java:20)
  com.nopcommerce.demo.pages.DesktopPage.getTextfromDesktopFiled(DesktopPage.java:20)
  com.nopcommerce.demo.pages.DesktopPage.getTextfromDesktopFiled(DesktopPage.java:20)
  com.nopcommerce.demo.pages.DesktopPage.getTextfromDesktopFiled(DesktopPage.java:20)
  com.nopcommerce.demo.pages.DesktopPage.getTextfromDesktopFiled(DesktopPage.java:20)
  com.nopcommerce.demo.pages.DesktopPage.getTextfromDesktopFiled(DesktopPage.java:20)
  com.nopcommerce.demo.pages.DesktopPage.getTextfromDesktopFiled(DesktopPage.java:20)
  com.nopcommerce.demo.pages.DesktopPage.getTextfromDesktopFiled(DesktopPage.java:20)
  com.nopcommerce.demo.pages.DesktopPage.getTextfromDesktopFiled(DesktopPage.java:20)
  com.nopcommerce.demo.pages.DesktopPage.getTextfromDesktopFiled(DesktopPage.java:20)
  com.nopcommerce.demo.pages.DesktopPage.getTextfromDesktopFiled(DesktopPage.java:20)
  com.nopcommerce.demo.pages.DesktopPage.getTextfromDesktopFiled(DesktopPage.java:20)
  com.nopcommerce.demo.pages.DesktopPage.getTextfromDesktopFiled(DesktopPage.java:20)
  com.nopcommerce.demo.pages.DesktopPage.getTextfromDesktopFiled(DesktopPage.java:20)
  com.nopcommerce.demo.pages.DesktopPage.getTextfromDesktopFiled(DesktopPage.java:20)
  com.nopcommerce.demo.pages.DesktopPage.getTextfromDesktopFiled(DesktopPage.java:20)
  com.nopcommerce.demo.pages.DesktopPage.getTextfromDesktopFiled(DesktopPage.java:20)
  com.nopcommerce.demo.pages.DesktopPage.getTextfromDesktopFiled(DesktopPage.java:20)
  com.nopcommerce.demo.pages.DesktopPage.getTextfromDesktopFiled(DesktopPage.java:20)
  com.nopcommerce.demo.pages.DesktopPage.getTextfromDesktopFiled(DesktopPage.java:20)
  com.nopcommerce.demo.pages.DesktopPage.getTextfromDesktopFiled(DesktopPage.java:20)
  com.nopcommerce.demo.pages.DesktopPage.getTextfromDesktopFiled(DesktopPage.java:20)
  com.nopcommerce.demo.pages.DesktopPage.getTextfromDesktopFiled(DesktopPage.java:20)
  com.nopcommerce.demo.pages.DesktopPage.getTextfromDesktopFiled(DesktopPage.java:20)
  com.nopcommerce.demo.pages.DesktopPage.getTextfromDesktopFiled(DesktopPage.java:20)
  com.nopcommerce.demo.pages.DesktopPage.getTextfromDesktopFiled(DesktopPage.java:20)
  com.nopcommerce.demo.pages.DesktopPage.getTextfromDesktopFiled(DesktopPage.java:20)
  com.nopcommerce.demo.pages.DesktopPage.getTextfromDesktopFiled(DesktopPage.java:20)
  com.nopcommerce.demo.pages.DesktopPage.getTextfromDesktopFiled(DesktopPage.java:20)
  com.nopcommerce.demo.pages.DesktopPage.getTextfromDesktopFiled(DesktopPage.java:20)
  com.nopcommerce.demo.pages.DesktopPage.getTextfromDesktopFiled(DesktopPage.java:20)
  com.nopcommerce.demo.pages.DesktopPage.getTextfromDesktopFiled(DesktopPage.java:20)
  com.nopcommerce.demo.pages.DesktopPage.getTextfromDesktopFiled(DesktopPage.java:20)
  com.nopcommerce.demo.pages.DesktopPage.getTextfromDesktopFiled(DesktopPage.java:20)
  com.nopcommerce.demo.pages.DesktopPage.getTextfromDesktopFiled(DesktopPage.java:20)
  com.nopcommerce.demo.pages.DesktopPage.getTextfromDesktopFiled(DesktopPage.java:20)
  com.nopcommerce.demo.pages.DesktopPage.getTextfromDesktopFiled(DesktopPage.java:20)
  com.nopcommerce.demo.pages.DesktopPage.getTextfromDesktopFiled(DesktopPage.java:20)
  com.nopcommerce.demo.pages.DesktopPage.getTextfromDesktopFiled(DesktopPage.java:20)
  com.nopcommerce.demo.pages.DesktopPage.getTextfromDesktopFiled(DesktopPage.java:20)
  com.nopcommerce.demo.pages.DesktopPage.getTextfromDesktopFiled(DesktopPage.java:20)
  com.nopcommerce.demo.pages.DesktopPage.getTextfromDesktopFiled(DesktopPage.java:20)
  com.nopcommerce.demo.pages.DesktopPage.getTextfromDesktopFiled(DesktopPage.java:20)
  com.nopcommerce.demo.pages.DesktopPage.getTextfromDesktopFiled(DesktopPage.java:20)
  com.nopcommerce.demo.pages.DesktopPage.getTextfromDesktopFiled(DesktopPage.java:20)
  com.nopcommerce.demo.pages.DesktopPage.getTextfromDesktopFiled(DesktopPage.java:20)
  com.nopcommerce.demo.pages.DesktopPage.getTextfromDesktopFiled(DesktopPage.java:20)
  com.nopcommerce.demo.pages.DesktopPage.getTextfromDesktopFiled(DesktopPage.java:20)
  com.nopcommerce.demo.pages.DesktopPage.getTextfromDesktopFiled(DesktopPage.java:20)
  com.nopcommerce.demo.pages.DesktopPage.getTextfromDesktopFiled(DesktopPage.java:20)
  com.nopcommerce.demo.pages.DesktopPage.getTextfromDesktopFiled(DesktopPage.java:20)
  com.nopcommerce.demo.pages.DesktopPage.getTextfromDesktopFiled(DesktopPage.java:20)
  com.nopcommerce.demo.pages.DesktopPage.getTextfromDesktopFiled(DesktopPage.java:20)
  com.nopcommerce.demo.pages.DesktopPage.getTextfromDesktopFiled(DesktopPage.java:20)
  com.nopcommerce.demo.pages.DesktopPage.getTextfromDesktopFiled(DesktopPage.java:20)
  com.nopcommerce.demo.pages.DesktopPage.getTextfromDesktopFiled(DesktopPage.java:20)
  com.nopcommerce.demo.pages.DesktopPage.getTextfromDesktopFiled(DesktopPage.java:20)
  com.nopcommerce.demo.pages.DesktopPage.getTextfromDesktopFiled(DesktopPage.java:20)
  com.nopcommerce.demo.pages.DesktopPage.getTextfromDesktopFiled(DesktopPage.java:20)
  com.nopcommerce.demo.pages.DesktopPage.getTextfromDesktopFiled(DesktopPage.java:20)
  com.nopcommerce.demo.pages.DesktopPage.getTextfromDesktopFiled(DesktopPage.java:20)
  com.nopcommerce.demo.pages.DesktopPage.getTextfromDesktopFiled(DesktopPage.java:20)
  com.nopcommerce.demo.pages.DesktopPage.getTextfromDesktopFiled(DesktopPage.java:20)
  com.nopcommerce.demo.pages.DesktopPage.getTextfromDesktopFiled(DesktopPage.java:20)
  com.nopcommerce.demo.pages.DesktopPage.getTextfromDesktopFiled(DesktopPage.java:20)
  com.nopcommerce.demo.pages.DesktopPage.getTextfromDesktopFiled(DesktopPage.java:20)
  com.nopcommerce.demo.pages.DesktopPage.getTextfromDesktopFiled(DesktopPage.java:20)
  com.nopcommerce.demo.pages.DesktopPage.getTextfromDesktopFiled(DesktopPage.java:20)
  com.nopcommerce.demo.pages.DesktopPage.getTextfromDesktopFiled(DesktopPage.java:20)
  com.nopcommerce.demo.pages.DesktopPage.getTextfromDesktopFiled(DesktopPage.java:20)
  com.nopcommerce.demo.pages.DesktopPage.getTextfromDesktopFiled(DesktopPage.java:20)
  com.nopcommerce.demo.pages.DesktopPage.getTextfromDesktopFiled(DesktopPage.java:20)
  com.nopcommerce.demo.pages.DesktopPage.getTextfromDesktopFiled(DesktopPage.java:20)
  com.nopcommerce.demo.pages.DesktopPage.getTextfromDesktopFiled(DesktopPage.java:20)
  com.nopcommerce.demo.pages.DesktopPage.getTextfromDesktopFiled(DesktopPage.java:20)
  com.nopcommerce.demo.pages.DesktopPage.getTextfromDesktopFiled(DesktopPage.java:20)
  com.nopcommerce.demo.pages.DesktopPage.getTextfromDesktopFiled(DesktopPage.java:20)
  com.nopcommerce.demo.pages.DesktopPage.getTextfromDesktopFiled(DesktopPage.java:20)
  com.nopcommerce.demo.pages.DesktopPage.getTextfromDesktopFiled(DesktopPage.java:20)
  com.nopcommerce.demo.pages.DesktopPage.getTextfromDesktopFiled(DesktopPage.java:20)
  com.nopcommerce.demo.pages.DesktopPage.getTextfromDesktopFiled(DesktopPage.java:20)
  com.nopcommerce.demo.pages.DesktopPage.getTextfromDesktopFiled(DesktopPage.java:20)
  com.nopcommerce.demo.pages.DesktopPage.getTextfromDesktopFiled(DesktopPage.java:20)
  com.nopcommerce.demo.pages.DesktopPage.getTextfromDesktopFiled(DesktopPage.java:20)
  com.nopcommerce.demo.pages.DesktopPage.getTextfromDesktopFiled(DesktopPage.java:20)
  com.nopcommerce.demo.pages.DesktopPage.getTextfromDesktopFiled(DesktopPage.java:20)
  com.nopcommerce.demo.pages.DesktopPage.getTextfromDesktopFiled(DesktopPage.java:20)
  com.nopcommerce.demo.pages.DesktopPage.getTextfromDesktopFiled(DesktopPage.java:20)
  com.nopcommerce.demo.pages.DesktopPage.getTextfromDesktopFiled(DesktopPage.java:20)
  com.nopcommerce.demo.pages.DesktopPage.getTextfromDesktopFiled(DesktopPage.java:20)
  com.nopcommerce.demo.pages.DesktopPage.getTextfromDesktopFiled(DesktopPage.java:20)
  com.nopcommerce.demo.pages.DesktopPage.getTextfromDesktopFiled(DesktopPage.java:20)
  com.nopcommerce.demo.pages.DesktopPage.getTextfromDesktopFiled(DesktopPage.java:20)
  com.nopcommerce.demo.pages.DesktopPage.getTextfromDesktopFiled(DesktopPage.java:20)
  com.nopcommerce.demo.pages.DesktopPage.getTextfromDesktopFiled(DesktopPage.java:20)
  com.nopcommerce.demo.pages.DesktopPage.getTextfromDesktopFiled(DesktopPage.java:20)
  com.nopcommerce.demo.pages.DesktopPage.getTextfromDesktopFiled(DesktopPage.java:20)
  com.nopcommerce.demo.pages.DesktopPage.getTextfromDesktopFiled(DesktopPage.java:20)
  com.nopcommerce.demo.pages.DesktopPage.getTextfromDesktopFiled(DesktopPage.java:20)
  com.nopcommerce.demo.pages.DesktopPage.getTextfromDesktopFiled(DesktopPage.java:20)
  com.nopcommerce.demo.pages.DesktopPage.getTextfromDesktopFiled(DesktopPage.java:20)
  com.nopcommerce.demo.pages.DesktopPage.getTextfromDesktopFiled(DesktopPage.java:20)
  com.nopcommerce.demo.pages.DesktopPage.getTextfromDesktopFiled(DesktopPage.java:20)
  com.nopcommerce.demo.pages.DesktopPage.getTextfromDesktopFiled(DesktopPage.java:20)
  com.nopcommerce.demo.pages.DesktopPage.getTextfromDesktopFiled(DesktopPage.java:20)
  com.nopcommerce.demo.pages.DesktopPage.getTextfromDesktopFiled(DesktopPage.java:20)
  com.nopcommerce.demo.pages.DesktopPage.getTextfromDesktopFiled(DesktopPage.java:20)
  com.nopcommerce.demo.pages.DesktopPage.getTextfromDesktopFiled(DesktopPage.java:20)
  com.nopcommerce.demo.pages.DesktopPage.getTextfromDesktopFiled(DesktopPage.java:20)
  com.nopcommerce.demo.pages.DesktopPage.getTextfromDesktopFiled(DesktopPage.java:20)
  com.nopcommerce.demo.pages.DesktopPage.getTextfromDesktopFiled(DesktopPage.java:20)
  com.nopcommerce.demo.pages.DesktopPage.getTextfromDesktopFiled(DesktopPage.java:20)
  com.nopcommerce.demo.pages.DesktopPage.getTextfromDesktopFiled(DesktopPage.java:20)
  com.nopcommerce.demo.pages.DesktopPage.getTextfromDesktopFiled(DesktopPage.java:20)
  com.nopcommerce.demo.pages.DesktopPage.getTextfromDesktopFiled(DesktopPage.java:20)
  com.nopcommerce.demo.pages.DesktopPage.getTextfromDesktopFiled(DesktopPage.java:20)
  com.nopcommerce.demo.pages.DesktopPage.getTextfromDesktopFiled(DesktopPage.java:20)
  com.nopcommerce.demo.pages.DesktopPage.getTextfromDesktopFiled(DesktopPage.java:20)
  com.nopcommerce.demo.pages.DesktopPage.getTextfromDesktopFiled(DesktopPage.java:20)
  com.nopcommerce.demo.pages.DesktopPage.getTextfromDesktopFiled(DesktopPage.java:20)
  com.nopcommerce.demo.pages.DesktopPage.getTextfromDesktopFiled(DesktopPage.java:20)
  com.nopcommerce.demo.pages.DesktopPage.getTextfromDesktopFiled(DesktopPage.java:20)
  com.nopcommerce.demo.pages.DesktopPage.getTextfromDesktopFiled(DesktopPage.java:20)
  com.nopcommerce.demo.pages.DesktopPage.getTextfromDesktopFiled(DesktopPage.java:20)
  com.nopcommerce.demo.pages.DesktopPage.getTextfromDesktopFiled(DesktopPage.java:20)
  com.nopcommerce.demo.pages.DesktopPage.getTextfromDesktopFiled(DesktopPage.java:20)
  com.nopcommerce.demo.pages.DesktopPage.getTextfromDesktopFiled(DesktopPage.java:20)
  com.nopcommerce.demo.pages.DesktopPage.getTextfromDesktopFiled(DesktopPage.java:20)
  com.nopcommerce.demo.pages.DesktopPage.getTextfromDesktopFiled(DesktopPage.java:20)
  com.nopcommerce.demo.pages.DesktopPage.getTextfromDesktopFiled(DesktopPage.java:20)
  com.nopcommerce.demo.pages.DesktopPage.getTextfromDesktopFiled(DesktopPage.java:20)
  com.nopcommerce.demo.pages.DesktopPage.getTextfromDesktopFiled(DesktopPage.java:20)
  com.nopcommerce.demo.pages.DesktopPage.getTextfromDesktopFiled(DesktopPage.java:20)
  com.nopcommerce.demo.pages.DesktopPage.getTextfromDesktopFiled(DesktopPage.java:20)
  com.nopcommerce.demo.pages.DesktopPage.getTextfromDesktopFiled(DesktopPage.java:20)
  com.nopcommerce.demo.pages.DesktopPage.getTextfromDesktopFiled(DesktopPage.java:20)
  com.nopcommerce.demo.pages.DesktopPage.getTextfromDesktopFiled(DesktopPage.java:20)
  com.nopcommerce.demo.pages.DesktopPage.getTextfromDesktopFiled(DesktopPage.java:20)
  com.nopcommerce.demo.pages.DesktopPage.getTextfromDesktopFiled(DesktopPage.java:20)
  com.nopcommerce.demo.pages.DesktopPage.getTextfromDesktopFiled(DesktopPage.java:20)
  com.nopcommerce.demo.pages.DesktopPage.getTextfromDesktopFiled(DesktopPage.java:20)
  com.nopcommerce.demo.pages.DesktopPage.getTextfromDesktopFiled(DesktopPage.java:20)
  com.nopcommerce.demo.pages.DesktopPage.getTextfromDesktopFiled(DesktopPage.java:20)
  com.nopcommerce.demo.pages.DesktopPage.getTextfromDesktopFiled(DesktopPage.java:20)
  com.nopcommerce.demo.pages.DesktopPage.getTextfromDesktopFiled(DesktopPage.java:20)
  com.nopcommerce.demo.pages.DesktopPage.getTextfromDesktopFiled(DesktopPage.java:20)
  com.nopcommerce.demo.pages.DesktopPage.getTextfromDesktopFiled(DesktopPage.java:20)
  com.nopcommerce.demo.pages.DesktopPage.getTextfromDesktopFiled(DesktopPage.java:20)
  com.nopcommerce.demo.pages.DesktopPage.getTextfromDesktopFiled(DesktopPage.java:20)
  com.nopcommerce.demo.pages.DesktopPage.getTextfromDesktopFiled(DesktopPage.java:20)
  com.nopcommerce.demo.pages.DesktopPage.getTextfromDesktopFiled(DesktopPage.java:20)
  com.nopcommerce.demo.pages.DesktopPage.getTextfromDesktopFiled(DesktopPage.java:20)
  com.nopcommerce.demo.pages.DesktopPage.getTextfromDesktopFiled(DesktopPage.java:20)
  com.nopcommerce.demo.pages.DesktopPage.getTextfromDesktopFiled(DesktopPage.java:20)
  com.nopcommerce.demo.pages.DesktopPage.getTextfromDesktopFiled(DesktopPage.java:20)
  com.nopcommerce.demo.pages.DesktopPage.getTextfromDesktopFiled(DesktopPage.java:20)
  com.nopcommerce.demo.pages.DesktopPage.getTextfromDesktopFiled(DesktopPage.java:20)
  com.nopcommerce.demo.pages.DesktopPage.getTextfromDesktopFiled(DesktopPage.java:20)
  com.nopcommerce.demo.pages.DesktopPage.getTextfromDesktopFiled(DesktopPage.java:20)
  com.nopcommerce.demo.pages.DesktopPage.getTextfromDesktopFiled(DesktopPage.java:20)
  com.nopcommerce.demo.pages.DesktopPage.getTextfromDesktopFiled(DesktopPage.java:20)
  com.nopcommerce.demo.pages.DesktopPage.getTextfromDesktopFiled(DesktopPage.java:20)
  com.nopcommerce.demo.pages.DesktopPage.getTextfromDesktopFiled(DesktopPage.java:20)
  com.nopcommerce.demo.pages.DesktopPage.getTextfromDesktopFiled(DesktopPage.java:20)
  com.nopcommerce.demo.pages.DesktopPage.getTextfromDesktopFiled(DesktopPage.java:20)
  com.nopcommerce.demo.pages.DesktopPage.getTextfromDesktopFiled(DesktopPage.java:20)
  com.nopcommerce.demo.pages.DesktopPage.getTextfromDesktopFiled(DesktopPage.java:20)
  com.nopcommerce.demo.pages.DesktopPage.getTextfromDesktopFiled(DesktopPage.java:20)
  com.nopcommerce.demo.pages.DesktopPage.getTextfromDesktopFiled(DesktopPage.java:20)
  com.nopcommerce.demo.pages.DesktopPage.getTextfromDesktopFiled(DesktopPage.java:20)
  com.nopcommerce.demo.pages.DesktopPage.getTextfromDesktopFiled(DesktopPage.java:20)
  com.nopcommerce.demo.pages.DesktopPage.getTextfromDesktopFiled(DesktopPage.java:20)
  com.nopcommerce.demo.pages.DesktopPage.getTextfromDesktopFiled(DesktopPage.java:20)
  com.nopcommerce.demo.pages.DesktopPage.getTextfromDesktopFiled(DesktopPage.java:20)
  com.nopcommerce.demo.pages.DesktopPage.getTextfromDesktopFiled(DesktopPage.java:20)
  com.nopcommerce.demo.pages.DesktopPage.getTextfromDesktopFiled(DesktopPage.java:20)
  com.nopcommerce.demo.pages.DesktopPage.getTextfromDesktopFiled(DesktopPage.java:20)
  com.nopcommerce.demo.pages.DesktopPage.getTextfromDesktopFiled(DesktopPage.java:20)
  com.nopcommerce.demo.pages.DesktopPage.getTextfromDesktopFiled(DesktopPage.java:20)
  com.nopcommerce.demo.pages.DesktopPage.getTextfromDesktopFiled(DesktopPage.java:20)
  com.nopcommerce.demo.pages.DesktopPage.getTextfromDesktopFiled(DesktopPage.java:20)
  com.nopcommerce.demo.pages.DesktopPage.getTextfromDesktopFiled(DesktopPage.java:20)
  com.nopcommerce.demo.pages.DesktopPage.getTextfromDesktopFiled(DesktopPage.java:20)
  com.nopcommerce.demo.pages.DesktopPage.getTextfromDesktopFiled(DesktopPage.java:20)
  com.nopcommerce.demo.pages.DesktopPage.getTextfromDesktopFiled(DesktopPage.java:20)
  com.nopcommerce.demo.pages.DesktopPage.getTextfromDesktopFiled(DesktopPage.java:20)
  com.nopcommerce.demo.pages.DesktopPage.getTextfromDesktopFiled(DesktopPage.java:20)
  com.nopcommerce.demo.pages.DesktopPage.getTextfromDesktopFiled(DesktopPage.java:20)
  com.nopcommerce.demo.pages.DesktopPage.getTextfromDesktopFiled(DesktopPage.java:20)
  com.nopcommerce.demo.pages.DesktopPage.getTextfromDesktopFiled(DesktopPage.java:20)
  com.nopcommerce.demo.pages.DesktopPage.getTextfromDesktopFiled(DesktopPage.java:20)
  com.nopcommerce.demo.pages.DesktopPage.getTextfromDesktopFiled(DesktopPage.java:20)
  com.nopcommerce.demo.pages.DesktopPage.getTextfromDesktopFiled(DesktopPage.java:20)
  com.nopcommerce.demo.pages.DesktopPage.getTextfromDesktopFiled(DesktopPage.java:20)
  com.nopcommerce.demo.pages.DesktopPage.getTextfromDesktopFiled(DesktopPage.java:20)
  com.nopcommerce.demo.pages.DesktopPage.getTextfromDesktopFiled(DesktopPage.java:20)
  com.nopcommerce.demo.pages.DesktopPage.getTextfromDesktopFiled(DesktopPage.java:20)
  com.nopcommerce.demo.pages.DesktopPage.getTextfromDesktopFiled(DesktopPage.java:20)
  com.nopcommerce.demo.pages.DesktopPage.getTextfromDesktopFiled(DesktopPage.java:20)
  com.nopcommerce.demo.pages.DesktopPage.getTextfromDesktopFiled(DesktopPage.java:20)
  com.nopcommerce.demo.pages.DesktopPage.getTextfromDesktopFiled(DesktopPage.java:20)
  com.nopcommerce.demo.pages.DesktopPage.getTextfromDesktopFiled(DesktopPage.java:20)
  com.nopcommerce.demo.pages.DesktopPage.getTextfromDesktopFiled(DesktopPage.java:20)
  com.nopcommerce.demo.pages.DesktopPage.getTextfromDesktopFiled(DesktopPage.java:20)
  com.nopcommerce.demo.pages.DesktopPage.getTextfromDesktopFiled(DesktopPage.java:20)
  com.nopcommerce.demo.pages.DesktopPage.getTextfromDesktopFiled(DesktopPage.java:20)
  com.nopcommerce.demo.pages.DesktopPage.getTextfromDesktopFiled(DesktopPage.java:20)
  com.nopcommerce.demo.pages.DesktopPage.getTextfromDesktopFiled(DesktopPage.java:20)
  com.nopcommerce.demo.pages.DesktopPage.getTextfromDesktopFiled(DesktopPage.java:20)
  com.nopcommerce.demo.pages.DesktopPage.getTextfromDesktopFiled(DesktopPage.java:20)
  com.nopcommerce.demo.pages.DesktopPage.getTextfromDesktopFiled(DesktopPage.java:20)
  com.nopcommerce.demo.pages.DesktopPage.getTextfromDesktopFiled(DesktopPage.java:20)
  com.nopcommerce.demo.pages.DesktopPage.getTextfromDesktopFiled(DesktopPage.java:20)
  com.nopcommerce.demo.pages.DesktopPage.getTextfromDesktopFiled(DesktopPage.java:20)
  com.nopcommerce.demo.pages.DesktopPage.getTextfromDesktopFiled(DesktopPage.java:20)
  com.nopcommerce.demo.pages.DesktopPage.getTextfromDesktopFiled(DesktopPage.java:20)
  com.nopcommerce.demo.pages.DesktopPage.getTextfromDesktopFiled(DesktopPage.java:20)
  com.nopcommerce.demo.pages.DesktopPage.getTextfromDesktopFiled(DesktopPage.java:20)
  com.nopcommerce.demo.pages.DesktopPage.getTextfromDesktopFiled(DesktopPage.java:20)
  com.nopcommerce.demo.pages.DesktopPage.getTextfromDesktopFiled(DesktopPage.java:20)
  com.nopcommerce.demo.pages.DesktopPage.getTextfromDesktopFiled(DesktopPage.java:20)
  com.nopcommerce.demo.pages.DesktopPage.getTextfromDesktopFiled(DesktopPage.java:20)
  com.nopcommerce.demo.pages.DesktopPage.getTextfromDesktopFiled(DesktopPage.java:20)
  com.nopcommerce.demo.pages.DesktopPage.getTextfromDesktopFiled(DesktopPage.java:20)
  com.nopcommerce.demo.pages.DesktopPage.getTextfromDesktopFiled(DesktopPage.java:20)
  com.nopcommerce.demo.pages.DesktopPage.getTextfromDesktopFiled(DesktopPage.java:20)
  com.nopcommerce.demo.pages.DesktopPage.getTextfromDesktopFiled(DesktopPage.java:20)
  com.nopcommerce.demo.pages.DesktopPage.getTextfromDesktopFiled(DesktopPage.java:20)
  com.nopcommerce.demo.pages.DesktopPage.getTextfromDesktopFiled(DesktopPage.java:20)
  com.nopcommerce.demo.pages.DesktopPage.getTextfromDesktopFiled(DesktopPage.java:20)
  com.nopcommerce.demo.pages.DesktopPage.getTextfromDesktopFiled(DesktopPage.java:20)
  com.nopcommerce.demo.pages.DesktopPage.getTextfromDesktopFiled(DesktopPage.java:20)
  com.nopcommerce.demo.pages.DesktopPage.getTextfromDesktopFiled(DesktopPage.java:20)
  com.nopcommerce.demo.pages.DesktopPage.getTextfromDesktopFiled(DesktopPage.java:20)
  com.nopcommerce.demo.pages.DesktopPage.getTextfromDesktopFiled(DesktopPage.java:20)
  com.nopcommerce.demo.pages.DesktopPage.getTextfromDesktopFiled(DesktopPage.java:20)
  com.nopcommerce.demo.pages.DesktopPage.getTextfromDesktopFiled(DesktopPage.java:20)
  com.nopcommerce.demo.pages.DesktopPage.getTextfromDesktopFiled(DesktopPage.java:20)
  com.nopcommerce.demo.pages.DesktopPage.getTextfromDesktopFiled(DesktopPage.java:20)
  com.nopcommerce.demo.pages.DesktopPage.getTextfromDesktopFiled(DesktopPage.java:20)
  com.nopcommerce.demo.pages.DesktopPage.getTextfromDesktopFiled(DesktopPage.java:20)
  com.nopcommerce.demo.pages.DesktopPage.getTextfromDesktopFiled(DesktopPage.java:20)
  com.nopcommerce.demo.pages.DesktopPage.getTextfromDesktopFiled(DesktopPage.java:20)
  com.nopcommerce.demo.pages.DesktopPage.getTextfromDesktopFiled(DesktopPage.java:20)
  com.nopcommerce.demo.pages.DesktopPage.getTextfromDesktopFiled(DesktopPage.java:20)
  com.nopcommerce.demo.pages.DesktopPage.getTextfromDesktopFiled(DesktopPage.java:20)
  com.nopcommerce.demo.pages.DesktopPage.getTextfromDesktopFiled(DesktopPage.java:20)
  com.nopcommerce.demo.pages.DesktopPage.getTextfromDesktopFiled(DesktopPage.java:20)
  com.nopcommerce.demo.pages.DesktopPage.getTextfromDesktopFiled(DesktopPage.java:20)
  com.nopcommerce.demo.pages.DesktopPage.getTextfromDesktopFiled(DesktopPage.java:20)
  com.nopcommerce.demo.pages.DesktopPage.getTextfromDesktopFiled(DesktopPage.java:20)
  com.nopcommerce.demo.pages.DesktopPage.getTextfromDesktopFiled(DesktopPage.java:20)
  com.nopcommerce.demo.pages.DesktopPage.getTextfromDesktopFiled(DesktopPage.java:20)
  com.nopcommerce.demo.pages.DesktopPage.getTextfromDesktopFiled(DesktopPage.java:20)
  com.nopcommerce.demo.pages.DesktopPage.getTextfromDesktopFiled(DesktopPage.java:20)
  com.nopcommerce.demo.pages.DesktopPage.getTextfromDesktopFiled(DesktopPage.java:20)
  com.nopcommerce.demo.pages.DesktopPage.getTextfromDesktopFiled(DesktopPage.java:20)
  com.nopcommerce.demo.pages.DesktopPage.getTextfromDesktopFiled(DesktopPage.java:20)
  com.nopcommerce.demo.pages.DesktopPage.getTextfromDesktopFiled(DesktopPage.java:20)
  com.nopcommerce.demo.pages.DesktopPage.getTextfromDesktopFiled(DesktopPage.java:20)
  com.nopcommerce.demo.pages.DesktopPage.getTextfromDesktopFiled(DesktopPage.java:20)
  com.nopcommerce.demo.pages.DesktopPage.getTextfromDesktopFiled(DesktopPage.java:20)
  com.nopcommerce.demo.pages.DesktopPage.getTextfromDesktopFiled(DesktopPage.java:20)
  com.nopcommerce.demo.pages.DesktopPage.getTextfromDesktopFiled(DesktopPage.java:20)
  com.nopcommerce.demo.pages.DesktopPage.getTextfromDesktopFiled(DesktopPage.java:20)
  com.nopcommerce.demo.pages.DesktopPage.getTextfromDesktopFiled(DesktopPage.java:20)
  com.nopcommerce.demo.pages.DesktopPage.getTextfromDesktopFiled(DesktopPage.java:20)
  com.nopcommerce.demo.pages.DesktopPage.getTextfromDesktopFiled(DesktopPage.java:20)
  com.nopcommerce.demo.pages.DesktopPage.getTextfromDesktopFiled(DesktopPage.java:20)
  com.nopcommerce.demo.pages.DesktopPage.getTextfromDesktopFiled(DesktopPage.java:20)
  com.nopcommerce.demo.pages.DesktopPage.getTextfromDesktopFiled(DesktopPage.java:20)
  com.nopcommerce.demo.pages.DesktopPage.getTextfromDesktopFiled(DesktopPage.java:20)
  com.nopcommerce.demo.pages.DesktopPage.getTextfromDesktopFiled(DesktopPage.java:20)
  com.nopcommerce.demo.pages.DesktopPage.getTextfromDesktopFiled(DesktopPage.java:20)
  com.nopcommerce.demo.pages.DesktopPage.getTextfromDesktopFiled(DesktopPage.java:20)
  com.nopcommerce.demo.pages.DesktopPage.getTextfromDesktopFiled(DesktopPage.java:20)
  com.nopcommerce.demo.pages.DesktopPage.getTextfromDesktopFiled(DesktopPage.java:20)
  com.nopcommerce.demo.pages.DesktopPage.getTextfromDesktopFiled(DesktopPage.java:20)
  com.nopcommerce.demo.pages.DesktopPage.getTextfromDesktopFiled(DesktopPage.java:20)
  com.nopcommerce.demo.pages.DesktopPage.getTextfromDesktopFiled(DesktopPage.java:20)
  com.nopcommerce.demo.pages.DesktopPage.getTextfromDesktopFiled(DesktopPage.java:20)
  com.nopcommerce.demo.pages.DesktopPage.getTextfromDesktopFiled(DesktopPage.java:20)
  com.nopcommerce.demo.pages.DesktopPage.getTextfromDesktopFiled(DesktopPage.java:20)
  com.nopcommerce.demo.pages.DesktopPage.getTextfromDesktopFiled(DesktopPage.java:20)
  com.nopcommerce.demo.pages.DesktopPage.getTextfromDesktopFiled(DesktopPage.java:20)
  com.nopcommerce.demo.pages.DesktopPage.getTextfromDesktopFiled(DesktopPage.java:20)
  com.nopcommerce.demo.pages.DesktopPage.getTextfromDesktopFiled(DesktopPage.java:20)
  com.nopcommerce.demo.pages.DesktopPage.getTextfromDesktopFiled(DesktopPage.java:20)
  com.nopcommerce.demo.pages.DesktopPage.getTextfromDesktopFiled(DesktopPage.java:20)
  com.nopcommerce.demo.pages.DesktopPage.getTextfromDesktopFiled(DesktopPage.java:20)
  com.nopcommerce.demo.pages.DesktopPage.getTextfromDesktopFiled(DesktopPage.java:20)
  com.nopcommerce.demo.pages.DesktopPage.getTextfromDesktopFiled(DesktopPage.java:20)
  com.nopcommerce.demo.pages.DesktopPage.getTextfromDesktopFiled(DesktopPage.java:20)
  com.nopcommerce.demo.pages.DesktopPage.getTextfromDesktopFiled(DesktopPage.java:20)
  com.nopcommerce.demo.pages.DesktopPage.getTextfromDesktopFiled(DesktopPage.java:20)
  com.nopcommerce.demo.pages.DesktopPage.getTextfromDesktopFiled(DesktopPage.java:20)
  com.nopcommerce.demo.pages.DesktopPage.getTextfromDesktopFiled(DesktopPage.java:20)
  com.nopcommerce.demo.pages.DesktopPage.getTextfromDesktopFiled(DesktopPage.java:20)
  com.nopcommerce.demo.pages.DesktopPage.getTextfromDesktopFiled(DesktopPage.java:20)
  com.nopcommerce.demo.pages.DesktopPage.getTextfromDesktopFiled(DesktopPage.java:20)
  com.nopcommerce.demo.pages.DesktopPage.getTextfromDesktopFiled(DesktopPage.java:20)
  com.nopcommerce.demo.pages.DesktopPage.getTextfromDesktopFiled(DesktopPage.java:20)
  com.nopcommerce.demo.pages.DesktopPage.getTextfromDesktopFiled(DesktopPage.java:20)
  com.nopcommerce.demo.pages.DesktopPage.getTextfromDesktopFiled(DesktopPage.java:20)
  com.nopcommerce.demo.pages.DesktopPage.getTextfromDesktopFiled(DesktopPage.java:20)
  com.nopcommerce.demo.pages.DesktopPage.getTextfromDesktopFiled(DesktopPage.java:20)
  com.nopcommerce.demo.pages.DesktopPage.getTextfromDesktopFiled(DesktopPage.java:20)
  com.nopcommerce.demo.pages.DesktopPage.getTextfromDesktopFiled(DesktopPage.java:20)
  com.nopcommerce.demo.pages.DesktopPage.getTextfromDesktopFiled(DesktopPage.java:20)
  com.nopcommerce.demo.pages.DesktopPage.getTextfromDesktopFiled(DesktopPage.java:20)
  com.nopcommerce.demo.pages.DesktopPage.getTextfromDesktopFiled(DesktopPage.java:20)
  com.nopcommerce.demo.pages.DesktopPage.getTextfromDesktopFiled(DesktopPage.java:20)
  com.nopcommerce.demo.pages.DesktopPage.getTextfromDesktopFiled(DesktopPage.java:20)
  com.nopcommerce.demo.pages.DesktopPage.getTextfromDesktopFiled(DesktopPage.java:20)
  com.nopcommerce.demo.pages.DesktopPage.getTextfromDesktopFiled(DesktopPage.java:20)
  com.nopcommerce.demo.pages.DesktopPage.getTextfromDesktopFiled(DesktopPage.java:20)
  com.nopcommerce.demo.pages.DesktopPage.getTextfromDesktopFiled(DesktopPage.java:20)
  com.nopcommerce.demo.pages.DesktopPage.getTextfromDesktopFiled(DesktopPage.java:20)
  com.nopcommerce.demo.pages.DesktopPage.getTextfromDesktopFiled(DesktopPage.java:20)
  com.nopcommerce.demo.pages.DesktopPage.getTextfromDesktopFiled(DesktopPage.java:20)
  com.nopcommerce.demo.pages.DesktopPage.getTextfromDesktopFiled(DesktopPage.java:20)
  com.nopcommerce.demo.pages.DesktopPage.getTextfromDesktopFiled(DesktopPage.java:20)
  com.nopcommerce.demo.pages.DesktopPage.getTextfromDesktopFiled(DesktopPage.java:20)
  com.nopcommerce.demo.pages.DesktopPage.getTextfromDesktopFiled(DesktopPage.java:20)
  com.nopcommerce.demo.pages.DesktopPage.getTextfromDesktopFiled(DesktopPage.java:20)
  com.nopcommerce.demo.pages.DesktopPage.getTextfromDesktopFiled(DesktopPage.java:20)
  com.nopcommerce.demo.pages.DesktopPage.getTextfromDesktopFiled(DesktopPage.java:20)
  com.nopcommerce.demo.pages.DesktopPage.getTextfromDesktopFiled(DesktopPage.java:20)
  com.nopcommerce.demo.pages.DesktopPage.getTextfromDesktopFiled(DesktopPage.java:20)
  com.nopcommerce.demo.pages.DesktopPage.getTextfromDesktopFiled(DesktopPage.java:20)
  com.nopcommerce.demo.pages.DesktopPage.getTextfromDesktopFiled(DesktopPage.java:20)
  com.nopcommerce.demo.pages.DesktopPage.getTextfromDesktopFiled(DesktopPage.java:20)
  com.nopcommerce.demo.pages.DesktopPage.getTextfromDesktopFiled(DesktopPage.java:20)
  com.nopcommerce.demo.pages.DesktopPage.getTextfromDesktopFiled(DesktopPage.java:20)
  com.nopcommerce.demo.pages.DesktopPage.getTextfromDesktopFiled(DesktopPage.java:20)
  com.nopcommerce.demo.pages.DesktopPage.getTextfromDesktopFiled(DesktopPage.java:20)
  com.nopcommerce.demo.pages.DesktopPage.getTextfromDesktopFiled(DesktopPage.java:20)
  com.nopcommerce.demo.pages.DesktopPage.getTextfromDesktopFiled(DesktopPage.java:20)
  com.nopcommerce.demo.pages.DesktopPage.getTextfromDesktopFiled(DesktopPage.java:20)
  com.nopcommerce.demo.pages.DesktopPage.getTextfromDesktopFiled(DesktopPage.java:20)
  com.nopcommerce.demo.pages.DesktopPage.getTextfromDesktopFiled(DesktopPage.java:20)
  com.nopcommerce.demo.pages.DesktopPage.getTextfromDesktopFiled(DesktopPage.java:20)
  com.nopcommerce.demo.pages.DesktopPage.getTextfromDesktopFiled(DesktopPage.java:20)
  com.nopcommerce.demo.pages.DesktopPage.getTextfromDesktopFiled(DesktopPage.java:20)
  com.nopcommerce.demo.pages.DesktopPage.getTextfromDesktopFiled(DesktopPage.java:20)
  com.nopcommerce.demo.pages.DesktopPage.getTextfromDesktopFiled(DesktopPage.java:20)
  com.nopcommerce.demo.pages.DesktopPage.getTextfromDesktopFiled(DesktopPage.java:20)
  com.nopcommerce.demo.pages.DesktopPage.getTextfromDesktopFiled(DesktopPage.java:20)
  com.nopcommerce.demo.pages.DesktopPage.getTextfromDesktopFiled(DesktopPage.java:20)
  com.nopcommerce.demo.pages.DesktopPage.getTextfromDesktopFiled(DesktopPage.java:20)
  com.nopcommerce.demo.pages.DesktopPage.getTextfromDesktopFiled(DesktopPage.java:20)
  com.nopcommerce.demo.pages.DesktopPage.getTextfromDesktopFiled(DesktopPage.java:20)
  com.nopcommerce.demo.pages.DesktopPage.getTextfromDesktopFiled(DesktopPage.java:20)
  com.nopcommerce.demo.pages.DesktopPage.getTextfromDesktopFiled(DesktopPage.java:20)
  com.nopcommerce.demo.pages.DesktopPage.getTextfromDesktopFiled(DesktopPage.java:20)
  com.nopcommerce.demo.pages.DesktopPage.getTextfromDesktopFiled(DesktopPage.java:20)
  com.nopcommerce.demo.pages.DesktopPage.getTextfromDesktopFiled(DesktopPage.java:20)
  com.nopcommerce.demo.pages.DesktopPage.getTextfromDesktopFiled(DesktopPage.java:20)
  com.nopcommerce.demo.pages.DesktopPage.getTextfromDesktopFiled(DesktopPage.java:20)
  com.nopcommerce.demo.pages.DesktopPage.getTextfromDesktopFiled(DesktopPage.java:20)
  com.nopcommerce.demo.pages.DesktopPage.getTextfromDesktopFiled(DesktopPage.java:20)
  com.nopcommerce.demo.pages.DesktopPage.getTextfromDesktopFiled(DesktopPage.java:20)
  com.nopcommerce.demo.pages.DesktopPage.getTextfromDesktopFiled(DesktopPage.java:20)
  com.nopcommerce.demo.pages.DesktopPage.getTextfromDesktopFiled(DesktopPage.java:20)
  com.nopcommerce.demo.pages.DesktopPage.getTextfromDesktopFiled(DesktopPage.java:20)
  com.nopcommerce.demo.pages.DesktopPage.getTextfromDesktopFiled(DesktopPage.java:20)
  com.nopcommerce.demo.pages.DesktopPage.getTextfromDesktopFiled(DesktopPage.java:20)
  com.nopcommerce.demo.pages.DesktopPage.getTextfromDesktopFiled(DesktopPage.java:20)
  com.nopcommerce.demo.pages.DesktopPage.getTextfromDesktopFiled(DesktopPage.java:20)
  com.nopcommerce.demo.pages.DesktopPage.getTextfromDesktopFiled(DesktopPage.java:20)
  com.nopcommerce.demo.pages.DesktopPage.getTextfromDesktopFiled(DesktopPage.java:20)
  com.nopcommerce.demo.pages.DesktopPage.getTextfromDesktopFiled(DesktopPage.java:20)
  com.nopcommerce.demo.pages.DesktopPage.getTextfromDesktopFiled(DesktopPage.java:20)
  com.nopcommerce.demo.pages.DesktopPage.getTextfromDesktopFiled(DesktopPage.java:20)
  com.nopcommerce.demo.pages.DesktopPage.getTextfromDesktopFiled(DesktopPage.java:20)
  com.nopcommerce.demo.pages.DesktopPage.getTextfromDesktopFiled(DesktopPage.java:20)
  com.nopcommerce.demo.pages.DesktopPage.getTextfromDesktopFiled(DesktopPage.java:20)
  com.nopcommerce.demo.pages.DesktopPage.getTextfromDesktopFiled(DesktopPage.java:20)
  com.nopcommerce.demo.pages.DesktopPage.getTextfromDesktopFiled(DesktopPage.java:20)
  com.nopcommerce.demo.pages.DesktopPage.getTextfromDesktopFiled(DesktopPage.java:20)
  com.nopcommerce.demo.pages.DesktopPage.getTextfromDesktopFiled(DesktopPage.java:20)
  com.nopcommerce.demo.pages.DesktopPage.getTextfromDesktopFiled(DesktopPage.java:20)
  com.nopcommerce.demo.pages.DesktopPage.getTextfromDesktopFiled(DesktopPage.java:20)
  com.nopcommerce.demo.pages.DesktopPage.getTextfromDesktopFiled(DesktopPage.java:20)
  com.nopcommerce.demo.pages.DesktopPage.getTextfromDesktopFiled(DesktopPage.java:20)
  com.nopcommerce.demo.pages.DesktopPage.getTextfromDesktopFiled(DesktopPage.java:20)
  com.nopcommerce.demo.pages.DesktopPage.getTextfromDesktopFiled(DesktopPage.java:20)
  com.nopcommerce.demo.pages.DesktopPage.getTextfromDesktopFiled(DesktopPage.java:20)
  com.nopcommerce.demo.pages.DesktopPage.getTextfromDesktopFiled(DesktopPage.java:20)
  com.nopcommerce.demo.pages.DesktopPage.getTextfromDesktopFiled(DesktopPage.java:20)
  com.nopcommerce.demo.pages.DesktopPage.getTextfromDesktopFiled(DesktopPage.java:20)
  com.nopcommerce.demo.pages.DesktopPage.getTextfromDesktopFiled(DesktopPage.java:20)
  com.nopcommerce.demo.pages.DesktopPage.getTextfromDesktopFiled(DesktopPage.java:20)
  com.nopcommerce.demo.pages.DesktopPage.getTextfromDesktopFiled(DesktopPage.java:20)
  com.nopcommerce.demo.pages.DesktopPage.getTextfromDesktopFiled(DesktopPage.java:20)
  com.nopcommerce.demo.pages.DesktopPage.getTextfromDesktopFiled(DesktopPage.java:20)
  com.nopcommerce.demo.pages.DesktopPage.getTextfromDesktopFiled(DesktopPage.java:20)
  com.nopcommerce.demo.pages.DesktopPage.getTextfromDesktopFiled(DesktopPage.java:20)
  com.nopcommerce.demo.pages.DesktopPage.getTextfromDesktopFiled(DesktopPage.java:20)
  com.nopcommerce.demo.pages.DesktopPage.getTextfromDesktopFiled(DesktopPage.java:20)
  com.nopcommerce.demo.pages.DesktopPage.getTextfromDesktopFiled(DesktopPage.java:20)
  com.nopcommerce.demo.pages.DesktopPage.getTextfromDesktopFiled(DesktopPage.java:20)
  com.nopcommerce.demo.pages.DesktopPage.getTextfromDesktopFiled(DesktopPage.java:20)
  com.nopcommerce.demo.pages.DesktopPage.getTextfromDesktopFiled(DesktopPage.java:20)
  com.nopcommerce.demo.pages.DesktopPage.getTextfromDesktopFiled(DesktopPage.java:20)
  com.nopcommerce.demo.pages.DesktopPage.getTextfromDesktopFiled(DesktopPage.java:20)
  com.nopcommerce.demo.pages.DesktopPage.getTextfromDesktopFiled(DesktopPage.java:20)
  com.nopcommerce.demo.pages.DesktopPage.getTextfromDesktopFiled(DesktopPage.java:20)
  com.nopcommerce.demo.pages.DesktopPage.getTextfromDesktopFiled(DesktopPage.java:20)
  com.nopcommerce.demo.pages.DesktopPage.getTextfromDesktopFiled(DesktopPage.java:20)
  com.nopcommerce.demo.pages.DesktopPage.getTextfromDesktopFiled(DesktopPage.java:20)
  com.nopcommerce.demo.pages.DesktopPage.getTextfromDesktopFiled(DesktopPage.java:20)
  com.nopcommerce.demo.pages.DesktopPage.getTextfromDesktopFiled(DesktopPage.java:20)
  com.nopcommerce.demo.pages.DesktopPage.getTextfromDesktopFiled(DesktopPage.java:20)
  com.nopcommerce.demo.pages.DesktopPage.getTextfromDesktopFiled(DesktopPage.java:20)
  com.nopcommerce.demo.pages.DesktopPage.getTextfromDesktopFiled(DesktopPage.java:20)
  com.nopcommerce.demo.pages.DesktopPage.getTextfromDesktopFiled(DesktopPage.java:20)
  com.nopcommerce.demo.pages.DesktopPage.getTextfromDesktopFiled(DesktopPage.java:20)
  com.nopcommerce.demo.pages.DesktopPage.getTextfromDesktopFiled(DesktopPage.java:20)
  com.nopcommerce.demo.pages.DesktopPage.getTextfromDesktopFiled(DesktopPage.java:20)
  com.nopcommerce.demo.pages.DesktopPage.getTextfromDesktopFiled(DesktopPage.java:20)
  com.nopcommerce.demo.pages.DesktopPage.getTextfromDesktopFiled(DesktopPage.java:20)
  com.nopcommerce.demo.pages.DesktopPage.getTextfromDesktopFiled(DesktopPage.java:20)
  com.nopcommerce.demo.pages.DesktopPage.getTextfromDesktopFiled(DesktopPage.java:20)
  com.nopcommerce.demo.pages.DesktopPage.getTextfromDesktopFiled(DesktopPage.java:20)
  com.nopcommerce.demo.pages.DesktopPage.getTextfromDesktopFiled(DesktopPage.java:20)
  com.nopcommerce.demo.pages.DesktopPage.getTextfromDesktopFiled(DesktopPage.java:20)
  com.nopcommerce.demo.pages.DesktopPage.getTextfromDesktopFiled(DesktopPage.java:20)
  com.nopcommerce.demo.pages.DesktopPage.getTextfromDesktopFiled(DesktopPage.java:20)
  com.nopcommerce.demo.pages.DesktopPage.getTextfromDesktopFiled(DesktopPage.java:20)
  com.nopcommerce.demo.pages.DesktopPage.getTextfromDesktopFiled(DesktopPage.java:20)
  com.nopcommerce.demo.pages.DesktopPage.getTextfromDesktopFiled(DesktopPage.java:20)
  com.nopcommerce.demo.pages.DesktopPage.getTextfromDesktopFiled(DesktopPage.java:20)
  com.nopcommerce.demo.pages.DesktopPage.getTextfromDesktopFiled(DesktopPage.java:20)
  com.nopcommerce.demo.pages.DesktopPage.getTextfromDesktopFiled(DesktopPage.java:20)
  com.nopcommerce.demo.pages.DesktopPage.getTextfromDesktopFiled(DesktopPage.java:20)
  com.nopcommerce.demo.pages.DesktopPage.getTextfromDesktopFiled(DesktopPage.java:20)
  com.nopcommerce.demo.pages.DesktopPage.getTextfromDesktopFiled(DesktopPage.java:20)
  com.nopcommerce.demo.pages.DesktopPage.getTextfromDesktopFiled(DesktopPage.java:20)
  com.nopcommerce.demo.pages.DesktopPage.getTextfromDesktopFiled(DesktopPage.java:20)
  com.nopcommerce.demo.pages.DesktopPage.getTextfromDesktopFiled(DesktopPage.java:20)
  com.nopcommerce.demo.pages.DesktopPage.getTextfromDesktopFiled(DesktopPage.java:20)
  com.nopcommerce.demo.pages.DesktopPage.getTextfromDesktopFiled(DesktopPage.java:20)
  com.nopcommerce.demo.pages.DesktopPage.getTextfromDesktopFiled(DesktopPage.java:20)
  com.nopcommerce.demo.pages.DesktopPage.getTextfromDesktopFiled(DesktopPage.java:20)
  com.nopcommerce.demo.pages.DesktopPage.getTextfromDesktopFiled(DesktopPage.java:20)
  com.nopcommerce.demo.pages.DesktopPage.getTextfromDesktopFiled(DesktopPage.java:20)
  com.nopcommerce.demo.pages.DesktopPage.getTextfromDesktopFiled(DesktopPage.java:20)
  com.nopcommerce.demo.pages.DesktopPage.getTextfromDesktopFiled(DesktopPage.java:20)
  com.nopcommerce.demo.pages.DesktopPage.getTextfromDesktopFiled(DesktopPage.java:20)
  com.nopcommerce.demo.pages.DesktopPage.getTextfromDesktopFiled(DesktopPage.java:20)
  com.nopcommerce.demo.pages.DesktopPage.getTextfromDesktopFiled(DesktopPage.java:20)
  com.nopcommerce.demo.pages.DesktopPage.getTextfromDesktopFiled(DesktopPage.java:20)
  com.nopcommerce.demo.pages.DesktopPage.getTextfromDesktopFiled(DesktopPage.java:20)
  com.nopcommerce.demo.pages.DesktopPage.getTextfromDesktopFiled(DesktopPage.java:20)
  com.nopcommerce.demo.pages.DesktopPage.getTextfromDesktopFiled(DesktopPage.java:20)
  com.nopcommerce.demo.pages.DesktopPage.getTextfromDesktopFiled(DesktopPage.java:20)
  com.nopcommerce.demo.pages.DesktopPage.getTextfromDesktopFiled(DesktopPage.java:20)
  com.nopcommerce.demo.pages.DesktopPage.getTextfromDesktopFiled(DesktopPage.java:20)
  com.nopcommerce.demo.pages.DesktopPage.getTextfromDesktopFiled(DesktopPage.java:20)
  com.nopcommerce.demo.pages.DesktopPage.getTextfromDesktopFiled(DesktopPage.java:20)
  com.nopcommerce.demo.pages.DesktopPage.getTextfromDesktopFiled(DesktopPage.java:20)
  com.nopcommerce.demo.pages.DesktopPage.getTextfromDesktopFiled(DesktopPage.java:20)
  com.nopcommerce.demo.pages.DesktopPage.getTextfromDesktopFiled(DesktopPage.java:20)
  com.nopcommerce.demo.pages.DesktopPage.getTextfromDesktopFiled(DesktopPage.java:20)
  com.nopcommerce.demo.pages.DesktopPage.getTextfromDesktopFiled(DesktopPage.java:20)
  com.nopcommerce.demo.pages.DesktopPage.getTextfromDesktopFiled(DesktopPage.java:20)
  com.nopcommerce.demo.pages.DesktopPage.getTextfromDesktopFiled(DesktopPage.java:20)
  com.nopcommerce.demo.pages.DesktopPage.getTextfromDesktopFiled(DesktopPage.java:20)
  com.nopcommerce.demo.pages.DesktopPage.getTextfromDesktopFiled(DesktopPage.java:20)
  com.nopcommerce.demo.pages.DesktopPage.getTextfromDesktopFiled(DesktopPage.java:20)
  com.nopcommerce.demo.pages.DesktopPage.getTextfromDesktopFiled(DesktopPage.java:20)
  com.nopcommerce.demo.pages.DesktopPage.getTextfromDesktopFiled(DesktopPage.java:20)
  com.nopcommerce.demo.pages.DesktopPage.getTextfromDesktopFiled(DesktopPage.java:20)
  com.nopcommerce.demo.pages.DesktopPage.getTextfromDesktopFiled(DesktopPage.java:20)
  com.nopcommerce.demo.pages.DesktopPage.getTextfromDesktopFiled(DesktopPage.java:20)
  com.nopcommerce.demo.pages.DesktopPage.getTextfromDesktopFiled(DesktopPage.java:20)
  com.nopcommerce.demo.pages.DesktopPage.getTextfromDesktopFiled(DesktopPage.java:20)
  com.nopcommerce.demo.pages.DesktopPage.getTextfromDesktopFiled(DesktopPage.java:20)
  com.nopcommerce.demo.pages.DesktopPage.getTextfromDesktopFiled(DesktopPage.java:20)
  com.nopcommerce.demo.pages.DesktopPage.getTextfromDesktopFiled(DesktopPage.java:20)
  com.nopcommerce.demo.pages.DesktopPage.getTextfromDesktopFiled(DesktopPage.java:20)
  com.nopcommerce.demo.pages.DesktopPage.getTextfromDesktopFiled(DesktopPage.java:20)
]]>
      </failure>

          </testcase>
            <testcase name="verifyUserShouldNavigateToComputerPageSuccessfully" time="0.563" classname="com.nopcommerce.demo.testsuit.ComputerPageTest">
                <failure type="java.lang.AssertionError"
                  message="displayed message is wrong expected [Computer] but found [Computers]"
              >
<![CDATA[java.lang.AssertionError: displayed message is wrong expected [Computer] but found [Computers]
  org.testng.Assert.fail(Assert.java:110)
  org.testng.Assert.failNotEquals(Assert.java:1413)
  org.testng.Assert.assertEqualsImpl(Assert.java:149)
  org.testng.Assert.assertEquals(Assert.java:131)
  org.testng.Assert.assertEquals(Assert.java:655)
  com.nopcommerce.demo.testsuit.ComputerPageTest.verifyUserShouldNavigateToComputerPageSuccessfully(ComputerPageTest.java:32)
  sun.reflect.NativeMethodAccessorImpl.invoke0(Native Method)
  sun.reflect.NativeMethodAccessorImpl.invoke(NativeMethodAccessorImpl.java:62)
  sun.reflect.DelegatingMethodAccessorImpl.invoke(DelegatingMethodAccessorImpl.java:43)
  java.lang.reflect.Method.invoke(Method.java:498)
  org.testng.internal.invokers.MethodInvocationHelper.invokeMethod(MethodInvocationHelper.java:135)
  org.testng.internal.invokers.TestInvoker.invokeMethod(TestInvoker.java:673)
  org.testng.internal.invokers.TestInvoker.invokeTestMethod(TestInvoker.java:220)
  org.testng.internal.invokers.MethodRunner.runInSequence(MethodRunner.java:50)
  org.testng.internal.invokers.TestInvoker$MethodInvocationAgent.invoke(TestInvoker.java:945)
  org.testng.internal.invokers.TestInvoker.invokeTestMethods(TestInvoker.java:193)
  org.testng.internal.invokers.TestMethodWorker.invokeTestMethods(TestMethodWorker.java:146)
  org.testng.internal.invokers.TestMethodWorker.run(TestMethodWorker.java:128)
  java.util.ArrayList.forEach(ArrayList.java:1249)
  org.testng.TestRunner.privateRun(TestRunner.java:808)
  org.testng.TestRunner.run(TestRunner.java:603)
  org.testng.SuiteRunner.runTest(SuiteRunner.java:429)
  org.testng.SuiteRunner.runSequentially(SuiteRunner.java:423)
  org.testng.SuiteRunner.privateRun(SuiteRunner.java:383)
  org.testng.SuiteRunner.run(SuiteRunner.java:326)
  org.testng.SuiteRunnerWorker.runSuite(SuiteRunnerWorker.java:52)
  org.testng.SuiteRunnerWorker.run(SuiteRunnerWorker.java:95)
  org.testng.TestNG.runSuitesSequentially(TestNG.java:1249)
  org.testng.TestNG.runSuitesLocally(TestNG.java:1169)
  org.testng.TestNG.runSuites(TestNG.java:1092)
  org.testng.TestNG.run(TestNG.java:1060)
  com.intellij.rt.testng.IDEARemoteTestNG.run(IDEARemoteTestNG.java:66)
  com.intellij.rt.testng.RemoteTestNGStarter.main(RemoteTestNGStarter.java:109)
]]>
      </failure>

          </testcase>
  
  
            <testcase name="verifyThatUserShouldBuildYouOwnComputerAndAddThemToCartSuccessfully" time="2.391" classname="com.nopcommerce.demo.testsuit.ComputerPageTest" />
                <testcase name="verifyThatUserShouldBuildYouOwnComputerAndAddThemToCartSuccessfully" time="2.548" classname="com.nopcommerce.demo.testsuit.ComputerPageTest" />
                <testcase name="verifyThatUserShouldBuildYouOwnComputerAndAddThemToCartSuccessfully" time="3.251" classname="com.nopcommerce.demo.testsuit.ComputerPageTest" />
      
</testsuite>
